<?xml version="1.0" encoding="UTF-8"?>
<coverage generated="1501429727306" clover="3.2.0">
  <project timestamp="1501429727306" name="All files">
    <metrics statements="490" coveredstatements="387" conditionals="221" coveredconditionals="149" methods="193" coveredmethods="131" elements="904" coveredelements="667" complexity="0" loc="490" ncloc="490" packages="8" files="48" classes="48">
      <package name="src">
        <metrics statements="1" coveredstatements="0" conditionals="0" coveredconditionals="0" methods="0" coveredmethods="0"/>
        <file name="index.js" path="/home/ryan/projects/git/henboard/client/src/index.js">
          <metrics statements="1" coveredstatements="0" conditionals="0" coveredconditionals="0" methods="0" coveredmethods="0"/>
          <line num="1" count="0" type="stmt"/>
        </file>
      </package>
      <package name="src.actions">
        <metrics statements="58" coveredstatements="57" conditionals="8" coveredconditionals="6" methods="26" coveredmethods="25"/>
        <file name="info.js" path="/home/ryan/projects/git/henboard/client/src/actions/info.js">
          <metrics statements="7" coveredstatements="7" conditionals="0" coveredconditionals="0" methods="3" coveredmethods="3"/>
          <line num="1" count="21" type="stmt"/>
          <line num="2" count="21" type="stmt"/>
          <line num="4" count="2" type="stmt"/>
          <line num="11" count="21" type="stmt"/>
          <line num="13" count="2" type="stmt"/>
          <line num="22" count="21" type="stmt"/>
          <line num="24" count="2" type="stmt"/>
        </file>
        <file name="items.js" path="/home/ryan/projects/git/henboard/client/src/actions/items.js">
          <metrics statements="17" coveredstatements="16" conditionals="8" coveredconditionals="6" methods="8" coveredmethods="7"/>
          <line num="1" count="21" type="stmt"/>
          <line num="2" count="21" type="stmt"/>
          <line num="4" count="2" type="stmt"/>
          <line num="11" count="21" type="stmt"/>
          <line num="13" count="2" type="stmt"/>
          <line num="20" count="21" type="stmt"/>
          <line num="22" count="2" type="stmt"/>
          <line num="29" count="21" type="stmt"/>
          <line num="31" count="2" type="stmt"/>
          <line num="42" count="21" type="stmt"/>
          <line num="44" count="2" type="stmt"/>
          <line num="51" count="21" type="stmt"/>
          <line num="55" count="2" type="stmt"/>
          <line num="64" count="21" type="stmt"/>
          <line num="67" count="2" type="stmt"/>
          <line num="76" count="21" type="stmt"/>
          <line num="78" count="0" type="stmt"/>
        </file>
        <file name="lanes.js" path="/home/ryan/projects/git/henboard/client/src/actions/lanes.js">
          <metrics statements="9" coveredstatements="9" conditionals="0" coveredconditionals="0" methods="4" coveredmethods="4"/>
          <line num="1" count="20" type="stmt"/>
          <line num="2" count="20" type="stmt"/>
          <line num="4" count="2" type="stmt"/>
          <line num="11" count="20" type="stmt"/>
          <line num="13" count="2" type="stmt"/>
          <line num="20" count="20" type="stmt"/>
          <line num="22" count="2" type="stmt"/>
          <line num="31" count="20" type="stmt"/>
          <line num="33" count="2" type="stmt"/>
        </file>
        <file name="messages.js" path="/home/ryan/projects/git/henboard/client/src/actions/messages.js">
          <metrics statements="4" coveredstatements="4" conditionals="0" coveredconditionals="0" methods="2" coveredmethods="2"/>
          <line num="1" count="20" type="stmt"/>
          <line num="3" count="2" type="stmt"/>
          <line num="10" count="20" type="stmt"/>
          <line num="12" count="2" type="stmt"/>
        </file>
        <file name="planning.js" path="/home/ryan/projects/git/henboard/client/src/actions/planning.js">
          <metrics statements="9" coveredstatements="9" conditionals="0" coveredconditionals="0" methods="4" coveredmethods="4"/>
          <line num="1" count="20" type="stmt"/>
          <line num="2" count="20" type="stmt"/>
          <line num="4" count="2" type="stmt"/>
          <line num="11" count="20" type="stmt"/>
          <line num="13" count="2" type="stmt"/>
          <line num="20" count="20" type="stmt"/>
          <line num="22" count="2" type="stmt"/>
          <line num="28" count="20" type="stmt"/>
          <line num="30" count="2" type="stmt"/>
        </file>
        <file name="projects.js" path="/home/ryan/projects/git/henboard/client/src/actions/projects.js">
          <metrics statements="5" coveredstatements="5" conditionals="0" coveredconditionals="0" methods="2" coveredmethods="2"/>
          <line num="1" count="20" type="stmt"/>
          <line num="2" count="20" type="stmt"/>
          <line num="4" count="3" type="stmt"/>
          <line num="11" count="20" type="stmt"/>
          <line num="13" count="2" type="stmt"/>
        </file>
        <file name="sprints.js" path="/home/ryan/projects/git/henboard/client/src/actions/sprints.js">
          <metrics statements="7" coveredstatements="7" conditionals="0" coveredconditionals="0" methods="3" coveredmethods="3"/>
          <line num="1" count="20" type="stmt"/>
          <line num="2" count="20" type="stmt"/>
          <line num="4" count="2" type="stmt"/>
          <line num="11" count="20" type="stmt"/>
          <line num="13" count="2" type="stmt"/>
          <line num="21" count="20" type="stmt"/>
          <line num="23" count="2" type="stmt"/>
        </file>
      </package>
      <package name="src.components">
        <metrics statements="29" coveredstatements="18" conditionals="14" coveredconditionals="9" methods="21" coveredmethods="9"/>
        <file name="AddItem.js" path="/home/ryan/projects/git/henboard/client/src/components/AddItem.js">
          <metrics statements="8" coveredstatements="4" conditionals="4" coveredconditionals="2" methods="6" coveredmethods="1"/>
          <line num="8" count="11" type="stmt"/>
          <line num="17" count="11" type="cond" truecount="2" falsecount="0"/>
          <line num="18" count="11" type="cond" truecount="0" falsecount="2"/>
          <line num="19" count="11" type="stmt"/>
          <line num="21" count="0" type="stmt"/>
          <line num="30" count="0" type="stmt"/>
          <line num="31" count="0" type="stmt"/>
          <line num="34" count="0" type="stmt"/>
        </file>
        <file name="App.js" path="/home/ryan/projects/git/henboard/client/src/components/App.js">
          <metrics statements="2" coveredstatements="2" conditionals="0" coveredconditionals="0" methods="1" coveredmethods="1"/>
          <line num="12" count="5" type="stmt"/>
          <line num="13" count="5" type="stmt"/>
        </file>
        <file name="Footer.js" path="/home/ryan/projects/git/henboard/client/src/components/Footer.js">
          <metrics statements="2" coveredstatements="2" conditionals="0" coveredconditionals="0" methods="1" coveredmethods="1"/>
          <line num="10" count="5" type="stmt"/>
          <line num="11" count="5" type="stmt"/>
        </file>
        <file name="Info.js" path="/home/ryan/projects/git/henboard/client/src/components/Info.js">
          <metrics statements="5" coveredstatements="3" conditionals="4" coveredconditionals="3" methods="4" coveredmethods="2"/>
          <line num="11" count="7" type="stmt"/>
          <line num="12" count="2" type="stmt"/>
          <line num="20" count="1" type="stmt"/>
          <line num="29" count="0" type="stmt"/>
          <line num="35" count="0" type="stmt"/>
        </file>
        <file name="Item.js" path="/home/ryan/projects/git/henboard/client/src/components/Item.js">
          <metrics statements="5" coveredstatements="2" conditionals="2" coveredconditionals="1" methods="4" coveredmethods="1"/>
          <line num="8" count="5" type="stmt"/>
          <line num="16" count="2" type="stmt"/>
          <line num="20" count="0" type="stmt"/>
          <line num="22" count="0" type="stmt"/>
          <line num="27" count="0" type="stmt"/>
        </file>
        <file name="Selector.js" path="/home/ryan/projects/git/henboard/client/src/components/Selector.js">
          <metrics statements="7" coveredstatements="5" conditionals="4" coveredconditionals="3" methods="5" coveredmethods="3"/>
          <line num="10" count="3" type="stmt"/>
          <line num="11" count="3" type="stmt"/>
          <line num="14" count="3" type="cond" truecount="1" falsecount="1"/>
          <line num="15" count="3" type="stmt"/>
          <line num="20" count="0" type="stmt"/>
          <line num="27" count="3" type="stmt"/>
          <line num="38" count="0" type="stmt"/>
        </file>
      </package>
      <package name="src.components.containers">
        <metrics statements="83" coveredstatements="56" conditionals="18" coveredconditionals="10" methods="41" coveredmethods="19"/>
        <file name="AddItemInfo.js" path="/home/ryan/projects/git/henboard/client/src/components/containers/AddItemInfo.js">
          <metrics statements="10" coveredstatements="6" conditionals="6" coveredconditionals="6" methods="5" coveredmethods="2"/>
          <line num="10" count="8" type="stmt"/>
          <line num="11" count="3" type="stmt"/>
          <line num="12" count="3" type="stmt"/>
          <line num="24" count="8" type="stmt"/>
          <line num="25" count="3" type="stmt"/>
          <line num="27" count="0" type="stmt"/>
          <line num="30" count="0" type="stmt"/>
          <line num="39" count="0" type="stmt"/>
          <line num="41" count="0" type="stmt"/>
          <line num="52" count="8" type="stmt"/>
        </file>
        <file name="AddItemLane.js" path="/home/ryan/projects/git/henboard/client/src/components/containers/AddItemLane.js">
          <metrics statements="12" coveredstatements="8" conditionals="0" coveredconditionals="0" methods="5" coveredmethods="2"/>
          <line num="12" count="4" type="stmt"/>
          <line num="13" count="6" type="stmt"/>
          <line num="14" count="6" type="stmt"/>
          <line num="15" count="6" type="stmt"/>
          <line num="16" count="6" type="stmt"/>
          <line num="29" count="4" type="stmt"/>
          <line num="30" count="6" type="stmt"/>
          <line num="32" count="0" type="stmt"/>
          <line num="40" count="0" type="stmt"/>
          <line num="49" count="0" type="stmt"/>
          <line num="58" count="0" type="stmt"/>
          <line num="69" count="4" type="stmt"/>
        </file>
        <file name="BacklogButton.js" path="/home/ryan/projects/git/henboard/client/src/components/containers/BacklogButton.js">
          <metrics statements="11" coveredstatements="9" conditionals="0" coveredconditionals="0" methods="5" coveredmethods="3"/>
          <line num="11" count="4" type="stmt"/>
          <line num="12" count="1" type="stmt"/>
          <line num="14" count="0" type="stmt"/>
          <line num="21" count="4" type="stmt"/>
          <line num="22" count="1" type="stmt"/>
          <line num="23" count="1" type="stmt"/>
          <line num="24" count="1" type="stmt"/>
          <line num="28" count="1" type="stmt"/>
          <line num="34" count="4" type="stmt"/>
          <line num="35" count="1" type="stmt"/>
          <line num="37" count="0" type="stmt"/>
        </file>
        <file name="Header.js" path="/home/ryan/projects/git/henboard/client/src/components/containers/Header.js">
          <metrics statements="10" coveredstatements="8" conditionals="4" coveredconditionals="2" methods="6" coveredmethods="3"/>
          <line num="12" count="6" type="stmt"/>
          <line num="13" count="6" type="cond" truecount="1" falsecount="1"/>
          <line num="14" count="6" type="stmt"/>
          <line num="28" count="0" type="stmt"/>
          <line num="55" count="6" type="stmt"/>
          <line num="56" count="6" type="stmt"/>
          <line num="57" count="6" type="stmt"/>
          <line num="63" count="6" type="stmt"/>
          <line num="64" count="6" type="stmt"/>
          <line num="66" count="0" type="stmt"/>
        </file>
        <file name="InfoItem.js" path="/home/ryan/projects/git/henboard/client/src/components/containers/InfoItem.js">
          <metrics statements="8" coveredstatements="6" conditionals="0" coveredconditionals="0" methods="4" coveredmethods="2"/>
          <line num="11" count="6" type="stmt"/>
          <line num="12" count="1" type="stmt"/>
          <line num="13" count="1" type="stmt"/>
          <line num="20" count="6" type="stmt"/>
          <line num="21" count="1" type="stmt"/>
          <line num="23" count="0" type="stmt"/>
          <line num="32" count="0" type="stmt"/>
          <line num="42" count="6" type="stmt"/>
        </file>
        <file name="ItemLane.js" path="/home/ryan/projects/git/henboard/client/src/components/containers/ItemLane.js">
          <metrics statements="10" coveredstatements="7" conditionals="0" coveredconditionals="0" methods="5" coveredmethods="2"/>
          <line num="10" count="4" type="stmt"/>
          <line num="11" count="1" type="stmt"/>
          <line num="12" count="1" type="stmt"/>
          <line num="13" count="1" type="stmt"/>
          <line num="27" count="4" type="stmt"/>
          <line num="28" count="1" type="stmt"/>
          <line num="30" count="0" type="stmt"/>
          <line num="33" count="0" type="stmt"/>
          <line num="36" count="0" type="stmt"/>
          <line num="41" count="4" type="stmt"/>
        </file>
        <file name="SelectorBoard.js" path="/home/ryan/projects/git/henboard/client/src/components/containers/SelectorBoard.js">
          <metrics statements="7" coveredstatements="4" conditionals="2" coveredconditionals="0" methods="3" coveredmethods="2"/>
          <line num="13" count="2" type="stmt"/>
          <line num="14" count="2" type="stmt"/>
          <line num="24" count="2" type="stmt"/>
          <line num="25" count="2" type="stmt"/>
          <line num="27" count="0" type="cond" truecount="0" falsecount="2"/>
          <line num="28" count="0" type="stmt"/>
          <line num="35" count="0" type="stmt"/>
        </file>
        <file name="Swimlane.js" path="/home/ryan/projects/git/henboard/client/src/components/containers/Swimlane.js">
          <metrics statements="15" coveredstatements="8" conditionals="6" coveredconditionals="2" methods="8" coveredmethods="3"/>
          <line num="17" count="3" type="stmt"/>
          <line num="25" count="5" type="stmt"/>
          <line num="30" count="0" type="stmt"/>
          <line num="33" count="0" type="stmt"/>
          <line num="50" count="3" type="stmt"/>
          <line num="51" count="5" type="stmt"/>
          <line num="53" count="5" type="cond" truecount="2" falsecount="0"/>
          <line num="56" count="5" type="stmt"/>
          <line num="60" count="0" type="stmt"/>
          <line num="64" count="3" type="stmt"/>
          <line num="65" count="5" type="stmt"/>
          <line num="67" count="0" type="stmt"/>
          <line num="70" count="0" type="stmt"/>
          <line num="71" count="0" type="stmt"/>
          <line num="72" count="0" type="stmt"/>
        </file>
      </package>
      <package name="src.components.views">
        <metrics statements="42" coveredstatements="35" conditionals="6" coveredconditionals="3" methods="21" coveredmethods="15"/>
        <file name="Backlog.js" path="/home/ryan/projects/git/henboard/client/src/components/views/Backlog.js">
          <metrics statements="9" coveredstatements="9" conditionals="0" coveredconditionals="0" methods="4" coveredmethods="4"/>
          <line num="15" count="1" type="stmt"/>
          <line num="16" count="1" type="stmt"/>
          <line num="20" count="1" type="stmt"/>
          <line num="32" count="1" type="stmt"/>
          <line num="33" count="1" type="stmt"/>
          <line num="34" count="1" type="stmt"/>
          <line num="35" count="1" type="stmt"/>
          <line num="41" count="1" type="stmt"/>
          <line num="42" count="1" type="stmt"/>
        </file>
        <file name="Home.js" path="/home/ryan/projects/git/henboard/client/src/components/views/Home.js">
          <metrics statements="10" coveredstatements="10" conditionals="2" coveredconditionals="1" methods="5" coveredmethods="5"/>
          <line num="16" count="1" type="stmt"/>
          <line num="17" count="1" type="stmt"/>
          <line num="18" count="3" type="cond" truecount="1" falsecount="1"/>
          <line num="19" count="1" type="stmt"/>
          <line num="24" count="3" type="stmt"/>
          <line num="42" count="1" type="stmt"/>
          <line num="43" count="1" type="stmt"/>
          <line num="44" count="1" type="stmt"/>
          <line num="50" count="1" type="stmt"/>
          <line num="51" count="1" type="stmt"/>
        </file>
        <file name="Planning.js" path="/home/ryan/projects/git/henboard/client/src/components/views/Planning.js">
          <metrics statements="15" coveredstatements="8" conditionals="4" coveredconditionals="2" methods="9" coveredmethods="3"/>
          <line num="19" count="1" type="stmt"/>
          <line num="26" count="1" type="stmt"/>
          <line num="31" count="0" type="stmt"/>
          <line num="42" count="0" type="stmt"/>
          <line num="52" count="0" type="stmt"/>
          <line num="62" count="1" type="stmt"/>
          <line num="63" count="1" type="stmt"/>
          <line num="64" count="1" type="stmt"/>
          <line num="65" count="1" type="stmt"/>
          <line num="76" count="1" type="stmt"/>
          <line num="77" count="1" type="stmt"/>
          <line num="79" count="0" type="stmt"/>
          <line num="86" count="0" type="stmt"/>
          <line num="94" count="0" type="stmt"/>
          <line num="100" count="0" type="stmt"/>
        </file>
        <file name="Settings.js" path="/home/ryan/projects/git/henboard/client/src/components/views/Settings.js">
          <metrics statements="8" coveredstatements="8" conditionals="0" coveredconditionals="0" methods="3" coveredmethods="3"/>
          <line num="14" count="1" type="stmt"/>
          <line num="15" count="1" type="stmt"/>
          <line num="31" count="1" type="stmt"/>
          <line num="32" count="1" type="stmt"/>
          <line num="33" count="1" type="stmt"/>
          <line num="34" count="1" type="stmt"/>
          <line num="40" count="1" type="stmt"/>
          <line num="41" count="1" type="stmt"/>
        </file>
      </package>
      <package name="src.models">
        <metrics statements="59" coveredstatements="56" conditionals="20" coveredconditionals="11" methods="20" coveredmethods="17"/>
        <file name="info.js" path="/home/ryan/projects/git/henboard/client/src/models/info.js">
          <metrics statements="8" coveredstatements="7" conditionals="2" coveredconditionals="0" methods="2" coveredmethods="1"/>
          <line num="1" count="18" type="stmt"/>
          <line num="3" count="18" type="stmt"/>
          <line num="5" count="18" type="stmt"/>
          <line num="7" count="18" type="stmt"/>
          <line num="14" count="18" type="stmt"/>
          <line num="16" count="18" type="stmt"/>
          <line num="17" count="1" type="stmt"/>
          <line num="18" count="0" type="cond" truecount="0" falsecount="2"/>
        </file>
        <file name="items.js" path="/home/ryan/projects/git/henboard/client/src/models/items.js">
          <metrics statements="11" coveredstatements="9" conditionals="6" coveredconditionals="2" methods="4" coveredmethods="2"/>
          <line num="1" count="18" type="stmt"/>
          <line num="3" count="18" type="stmt"/>
          <line num="13" count="18" type="stmt"/>
          <line num="15" count="18" type="stmt"/>
          <line num="22" count="18" type="stmt"/>
          <line num="24" count="18" type="stmt"/>
          <line num="25" count="3" type="cond" truecount="2" falsecount="0"/>
          <line num="26" count="0" type="cond" truecount="0" falsecount="2"/>
          <line num="30" count="18" type="stmt"/>
          <line num="31" count="4" type="stmt"/>
          <line num="32" count="0" type="cond" truecount="0" falsecount="2"/>
        </file>
        <file name="lanes.js" path="/home/ryan/projects/git/henboard/client/src/models/lanes.js">
          <metrics statements="13" coveredstatements="13" conditionals="6" coveredconditionals="6" methods="6" coveredmethods="6"/>
          <line num="1" count="17" type="stmt"/>
          <line num="3" count="17" type="stmt"/>
          <line num="5" count="17" type="stmt"/>
          <line num="7" count="17" type="stmt"/>
          <line num="14" count="17" type="stmt"/>
          <line num="15" count="6" type="stmt"/>
          <line num="16" count="12" type="cond" truecount="2" falsecount="0"/>
          <line num="20" count="17" type="stmt"/>
          <line num="21" count="1" type="stmt"/>
          <line num="22" count="4" type="cond" truecount="2" falsecount="0"/>
          <line num="25" count="17" type="stmt"/>
          <line num="26" count="1" type="stmt"/>
          <line num="27" count="4" type="cond" truecount="2" falsecount="0"/>
        </file>
        <file name="models.js" path="/home/ryan/projects/git/henboard/client/src/models/models.js">
          <metrics statements="7" coveredstatements="7" conditionals="0" coveredconditionals="0" methods="0" coveredmethods="0"/>
          <line num="8" count="17" type="stmt"/>
          <line num="10" count="17" type="stmt"/>
          <line num="11" count="17" type="stmt"/>
          <line num="12" count="17" type="stmt"/>
          <line num="13" count="17" type="stmt"/>
          <line num="14" count="17" type="stmt"/>
          <line num="15" count="17" type="stmt"/>
        </file>
        <file name="planning.js" path="/home/ryan/projects/git/henboard/client/src/models/planning.js">
          <metrics statements="6" coveredstatements="6" conditionals="2" coveredconditionals="1" methods="2" coveredmethods="2"/>
          <line num="1" count="17" type="stmt"/>
          <line num="3" count="17" type="stmt"/>
          <line num="5" count="17" type="stmt"/>
          <line num="7" count="17" type="stmt"/>
          <line num="9" count="17" type="stmt"/>
          <line num="10" count="1" type="cond" truecount="1" falsecount="1"/>
        </file>
        <file name="projects.js" path="/home/ryan/projects/git/henboard/client/src/models/projects.js">
          <metrics statements="6" coveredstatements="6" conditionals="2" coveredconditionals="1" methods="2" coveredmethods="2"/>
          <line num="3" count="18" type="stmt"/>
          <line num="5" count="18" type="stmt"/>
          <line num="7" count="18" type="stmt"/>
          <line num="9" count="18" type="stmt"/>
          <line num="16" count="18" type="stmt"/>
          <line num="17" count="19" type="cond" truecount="1" falsecount="1"/>
        </file>
        <file name="sprints.js" path="/home/ryan/projects/git/henboard/client/src/models/sprints.js">
          <metrics statements="8" coveredstatements="8" conditionals="2" coveredconditionals="1" methods="4" coveredmethods="4"/>
          <line num="1" count="17" type="stmt"/>
          <line num="3" count="17" type="stmt"/>
          <line num="5" count="17" type="stmt"/>
          <line num="7" count="17" type="stmt"/>
          <line num="13" count="17" type="stmt"/>
          <line num="14" count="16" type="cond" truecount="1" falsecount="1"/>
          <line num="17" count="17" type="stmt"/>
          <line num="18" count="2" type="stmt"/>
        </file>
      </package>
      <package name="src.reducers">
        <metrics statements="62" coveredstatements="58" conditionals="92" coveredconditionals="73" methods="23" coveredmethods="21"/>
        <file name="index.js" path="/home/ryan/projects/git/henboard/client/src/reducers/index.js">
          <metrics statements="1" coveredstatements="1" conditionals="0" coveredconditionals="0" methods="0" coveredmethods="0"/>
          <line num="13" count="17" type="stmt"/>
        </file>
        <file name="info.js" path="/home/ryan/projects/git/henboard/client/src/reducers/info.js">
          <metrics statements="8" coveredstatements="6" conditionals="11" coveredconditionals="8" methods="3" coveredmethods="2"/>
          <line num="5" count="55" type="cond" truecount="4" falsecount="1"/>
          <line num="7" count="1" type="stmt"/>
          <line num="9" count="1" type="stmt"/>
          <line num="18" count="1" type="stmt"/>
          <line num="20" count="1" type="stmt"/>
          <line num="27" count="0" type="stmt"/>
          <line num="29" count="0" type="stmt"/>
          <line num="35" count="52" type="stmt"/>
        </file>
        <file name="items.js" path="/home/ryan/projects/git/henboard/client/src/reducers/items.js">
          <metrics statements="16" coveredstatements="14" conditionals="32" coveredconditionals="23" methods="7" coveredmethods="6"/>
          <line num="14" count="60" type="cond" truecount="8" falsecount="1"/>
          <line num="16" count="1" type="stmt"/>
          <line num="18" count="1" type="stmt"/>
          <line num="19" count="1" type="cond" truecount="3" falsecount="1"/>
          <line num="25" count="1" type="stmt"/>
          <line num="26" count="1" type="cond" truecount="3" falsecount="1"/>
          <line num="32" count="1" type="stmt"/>
          <line num="45" count="1" type="stmt"/>
          <line num="47" count="1" type="stmt"/>
          <line num="53" count="1" type="stmt"/>
          <line num="54" count="1" type="cond" truecount="1" falsecount="1"/>
          <line num="64" count="1" type="stmt"/>
          <line num="65" count="1" type="cond" truecount="1" falsecount="1"/>
          <line num="72" count="0" type="stmt"/>
          <line num="73" count="0" type="cond" truecount="0" falsecount="4"/>
          <line num="79" count="53" type="stmt"/>
        </file>
        <file name="lanes.js" path="/home/ryan/projects/git/henboard/client/src/reducers/lanes.js">
          <metrics statements="9" coveredstatements="9" conditionals="14" coveredconditionals="12" methods="3" coveredmethods="3"/>
          <line num="9" count="18" type="stmt"/>
          <line num="17" count="57" type="cond" truecount="5" falsecount="0"/>
          <line num="19" count="1" type="stmt"/>
          <line num="21" count="1" type="stmt"/>
          <line num="31" count="1" type="stmt"/>
          <line num="32" count="1" type="cond" truecount="3" falsecount="1"/>
          <line num="38" count="1" type="stmt"/>
          <line num="39" count="1" type="cond" truecount="3" falsecount="1"/>
          <line num="45" count="53" type="stmt"/>
        </file>
        <file name="messages.js" path="/home/ryan/projects/git/henboard/client/src/reducers/messages.js">
          <metrics statements="4" coveredstatements="4" conditionals="4" coveredconditionals="4" methods="1" coveredmethods="1"/>
          <line num="8" count="55" type="cond" truecount="3" falsecount="0"/>
          <line num="10" count="1" type="stmt"/>
          <line num="12" count="1" type="stmt"/>
          <line num="14" count="53" type="stmt"/>
        </file>
        <file name="planning.js" path="/home/ryan/projects/git/henboard/client/src/reducers/planning.js">
          <metrics statements="10" coveredstatements="10" conditionals="12" coveredconditionals="9" methods="4" coveredmethods="4"/>
          <line num="11" count="18" type="stmt"/>
          <line num="21" count="57" type="cond" truecount="5" falsecount="0"/>
          <line num="23" count="1" type="stmt"/>
          <line num="25" count="1" type="stmt"/>
          <line num="26" count="1" type="cond" truecount="1" falsecount="1"/>
          <line num="33" count="1" type="stmt"/>
          <line num="34" count="1" type="cond" truecount="1" falsecount="1"/>
          <line num="39" count="1" type="stmt"/>
          <line num="40" count="1" type="cond" truecount="1" falsecount="1"/>
          <line num="45" count="53" type="stmt"/>
        </file>
        <file name="projects.js" path="/home/ryan/projects/git/henboard/client/src/reducers/projects.js">
          <metrics statements="6" coveredstatements="6" conditionals="6" coveredconditionals="5" methods="2" coveredmethods="2"/>
          <line num="8" count="18" type="stmt"/>
          <line num="11" count="55" type="cond" truecount="3" falsecount="0"/>
          <line num="13" count="2" type="stmt"/>
          <line num="15" count="1" type="stmt"/>
          <line num="16" count="1" type="cond" truecount="1" falsecount="1"/>
          <line num="21" count="52" type="stmt"/>
        </file>
        <file name="sprints.js" path="/home/ryan/projects/git/henboard/client/src/reducers/sprints.js">
          <metrics statements="8" coveredstatements="8" conditionals="13" coveredconditionals="12" methods="3" coveredmethods="3"/>
          <line num="8" count="18" type="stmt"/>
          <line num="13" count="56" type="cond" truecount="4" falsecount="0"/>
          <line num="15" count="1" type="stmt"/>
          <line num="17" count="1" type="stmt"/>
          <line num="26" count="2" type="cond" truecount="2" falsecount="0"/>
          <line num="34" count="1" type="stmt"/>
          <line num="36" count="1" type="cond" truecount="1" falsecount="1"/>
          <line num="44" count="53" type="stmt"/>
        </file>
      </package>
      <package name="src.util">
        <metrics statements="156" coveredstatements="107" conditionals="63" coveredconditionals="37" methods="41" coveredmethods="25"/>
        <file name="api.js" path="/home/ryan/projects/git/henboard/client/src/util/api.js">
          <metrics statements="7" coveredstatements="4" conditionals="0" coveredconditionals="0" methods="3" coveredmethods="0"/>
          <line num="3" count="17" type="stmt"/>
          <line num="6" count="17" type="stmt"/>
          <line num="7" count="0" type="stmt"/>
          <line num="10" count="17" type="stmt"/>
          <line num="11" count="0" type="stmt"/>
          <line num="14" count="17" type="stmt"/>
          <line num="15" count="0" type="stmt"/>
        </file>
        <file name="data.js" path="/home/ryan/projects/git/henboard/client/src/util/data.js">
          <metrics statements="55" coveredstatements="12" conditionals="12" coveredconditionals="0" methods="12" coveredmethods="0"/>
          <line num="15" count="16" type="stmt"/>
          <line num="16" count="16" type="stmt"/>
          <line num="18" count="16" type="stmt"/>
          <line num="19" count="0" type="stmt"/>
          <line num="37" count="0" type="stmt"/>
          <line num="48" count="0" type="stmt"/>
          <line num="52" count="16" type="stmt"/>
          <line num="53" count="0" type="stmt"/>
          <line num="54" count="0" type="stmt"/>
          <line num="55" count="0" type="stmt"/>
          <line num="56" count="0" type="stmt"/>
          <line num="57" count="0" type="stmt"/>
          <line num="58" count="0" type="stmt"/>
          <line num="59" count="0" type="stmt"/>
          <line num="60" count="0" type="stmt"/>
          <line num="64" count="16" type="stmt"/>
          <line num="65" count="0" type="stmt"/>
          <line num="66" count="0" type="stmt"/>
          <line num="67" count="0" type="stmt"/>
          <line num="68" count="0" type="cond" truecount="0" falsecount="2"/>
          <line num="71" count="0" type="stmt"/>
          <line num="74" count="0" type="stmt"/>
          <line num="77" count="16" type="stmt"/>
          <line num="82" count="0" type="stmt"/>
          <line num="83" count="0" type="stmt"/>
          <line num="84" count="0" type="stmt"/>
          <line num="85" count="0" type="stmt"/>
          <line num="86" count="0" type="stmt"/>
          <line num="91" count="0" type="cond" truecount="0" falsecount="2"/>
          <line num="92" count="0" type="cond" truecount="0" falsecount="2"/>
          <line num="98" count="0" type="stmt"/>
          <line num="102" count="0" type="stmt"/>
          <line num="106" count="0" type="stmt"/>
          <line num="109" count="0" type="stmt"/>
          <line num="116" count="16" type="stmt"/>
          <line num="117" count="0" type="stmt"/>
          <line num="118" count="0" type="stmt"/>
          <line num="119" count="0" type="stmt"/>
          <line num="120" count="0" type="stmt"/>
          <line num="121" count="0" type="stmt"/>
          <line num="124" count="0" type="stmt"/>
          <line num="130" count="0" type="stmt"/>
          <line num="133" count="16" type="stmt"/>
          <line num="134" count="0" type="cond" truecount="0" falsecount="2"/>
          <line num="137" count="16" type="stmt"/>
          <line num="138" count="0" type="cond" truecount="0" falsecount="2"/>
          <line num="141" count="16" type="stmt"/>
          <line num="143" count="16" type="stmt"/>
          <line num="144" count="0" type="stmt"/>
          <line num="145" count="0" type="cond" truecount="0" falsecount="2"/>
          <line num="146" count="0" type="stmt"/>
          <line num="147" count="0" type="stmt"/>
          <line num="148" count="0" type="stmt"/>
          <line num="153" count="16" type="stmt"/>
          <line num="154" count="0" type="stmt"/>
        </file>
        <file name="middleware.js" path="/home/ryan/projects/git/henboard/client/src/util/middleware.js">
          <metrics statements="14" coveredstatements="14" conditionals="15" coveredconditionals="8" methods="6" coveredmethods="6"/>
          <line num="6" count="16" type="stmt"/>
          <line num="8" count="1" type="cond" truecount="1" falsecount="1"/>
          <line num="9" count="1" type="cond" truecount="2" falsecount="0"/>
          <line num="10" count="1" type="stmt"/>
          <line num="12" count="1" type="stmt"/>
          <line num="13" count="1" type="cond" truecount="1" falsecount="1"/>
          <line num="14" count="1" type="stmt"/>
          <line num="17" count="16" type="stmt"/>
          <line num="18" count="1" type="stmt"/>
          <line num="19" count="1" type="stmt"/>
          <line num="21" count="1" type="cond" truecount="1" falsecount="2"/>
          <line num="23" count="1" type="cond" truecount="1" falsecount="1"/>
          <line num="26" count="1" type="cond" truecount="1" falsecount="1"/>
          <line num="35" count="1" type="cond" truecount="1" falsecount="1"/>
        </file>
        <file name="store.js" path="/home/ryan/projects/git/henboard/client/src/util/store.js">
          <metrics statements="1" coveredstatements="1" conditionals="0" coveredconditionals="0" methods="0" coveredmethods="0"/>
          <line num="7" count="15" type="stmt"/>
        </file>
        <file name="util.js" path="/home/ryan/projects/git/henboard/client/src/util/util.js">
          <metrics statements="37" coveredstatements="35" conditionals="15" coveredconditionals="12" methods="11" coveredmethods="11"/>
          <line num="1" count="20" type="stmt"/>
          <line num="2" count="1" type="stmt"/>
          <line num="3" count="1" type="stmt"/>
          <line num="6" count="3" type="stmt"/>
          <line num="7" count="3" type="stmt"/>
          <line num="8" count="3" type="cond" truecount="2" falsecount="0"/>
          <line num="9" count="3" type="stmt"/>
          <line num="13" count="1" type="stmt"/>
          <line num="14" count="1" type="stmt"/>
          <line num="22" count="1" type="stmt"/>
          <line num="23" count="1" type="stmt"/>
          <line num="24" count="1" type="stmt"/>
          <line num="25" count="1" type="cond" truecount="1" falsecount="1"/>
          <line num="26" count="1" type="cond" truecount="1" falsecount="1"/>
          <line num="27" count="1" type="stmt"/>
          <line num="31" count="2" type="stmt"/>
          <line num="32" count="2" type="stmt"/>
          <line num="33" count="2" type="stmt"/>
          <line num="38" count="20" type="stmt"/>
          <line num="39" count="2" type="stmt"/>
          <line num="40" count="2" type="stmt"/>
          <line num="41" count="2" type="stmt"/>
          <line num="43" count="4" type="stmt"/>
          <line num="46" count="1" type="cond" truecount="1" falsecount="1"/>
          <line num="47" count="1" type="stmt"/>
          <line num="49" count="0" type="stmt"/>
          <line num="55" count="20" type="stmt"/>
          <line num="56" count="34" type="stmt"/>
          <line num="58" count="6" type="stmt"/>
          <line num="59" count="7" type="cond" truecount="2" falsecount="0"/>
          <line num="60" count="2" type="stmt"/>
          <line num="63" count="4" type="stmt"/>
          <line num="66" count="2" type="stmt"/>
          <line num="67" count="2" type="stmt"/>
          <line num="68" count="2" type="stmt"/>
          <line num="72" count="0" type="stmt"/>
          <line num="74" count="2" type="cond" truecount="2" falsecount="0"/>
        </file>
        <file name="validations.js" path="/home/ryan/projects/git/henboard/client/src/util/validations.js">
          <metrics statements="26" coveredstatements="25" conditionals="17" coveredconditionals="13" methods="5" coveredmethods="4"/>
          <line num="3" count="17" type="stmt"/>
          <line num="4" count="17" type="stmt"/>
          <line num="6" count="17" type="stmt"/>
          <line num="8" count="5" type="stmt"/>
          <line num="9" count="5" type="cond" truecount="4" falsecount="0"/>
          <line num="14" count="2" type="stmt"/>
          <line num="15" count="2" type="stmt"/>
          <line num="16" count="2" type="stmt"/>
          <line num="17" count="2" type="stmt"/>
          <line num="18" count="2" type="stmt"/>
          <line num="19" count="2" type="stmt"/>
          <line num="21" count="2" type="stmt"/>
          <line num="22" count="2" type="cond" truecount="2" falsecount="0"/>
          <line num="28" count="2" type="stmt"/>
          <line num="29" count="2" type="cond" truecount="2" falsecount="0"/>
          <line num="33" count="17" type="cond" truecount="1" falsecount="0"/>
          <line num="34" count="2" type="stmt"/>
          <line num="35" count="1" type="cond" truecount="1" falsecount="1"/>
          <line num="36" count="1" type="stmt"/>
          <line num="37" count="1" type="stmt"/>
          <line num="38" count="1" type="cond" truecount="1" falsecount="1"/>
          <line num="39" count="1" type="stmt"/>
          <line num="40" count="1" type="stmt"/>
          <line num="49" count="2" type="stmt"/>
          <line num="52" count="17" type="stmt"/>
          <line num="58" count="0" type="stmt"/>
        </file>
        <file name="watch.js" path="/home/ryan/projects/git/henboard/client/src/util/watch.js">
          <metrics statements="16" coveredstatements="16" conditionals="4" coveredconditionals="4" methods="4" coveredmethods="4"/>
          <line num="1" count="1" type="stmt"/>
          <line num="2" count="5" type="stmt"/>
          <line num="5" count="1" type="stmt"/>
          <line num="6" count="2" type="stmt"/>
          <line num="9" count="3" type="stmt"/>
          <line num="10" count="3" type="stmt"/>
          <line num="12" count="3" type="stmt"/>
          <line num="13" count="3" type="stmt"/>
          <line num="14" count="3" type="stmt"/>
          <line num="16" count="3" type="stmt"/>
          <line num="17" count="3" type="cond" truecount="2" falsecount="0"/>
          <line num="18" count="1" type="stmt"/>
          <line num="19" count="1" type="stmt"/>
          <line num="20" count="1" type="stmt"/>
          <line num="24" count="3" type="cond" truecount="2" falsecount="0"/>
          <line num="33" count="2" type="stmt"/>
        </file>
      </package>
    </metrics>
  </project>
</coverage>
