{"/home/ryan/projects/git/henboard/client/src/index.js": {"path":"/home/ryan/projects/git/henboard/client/src/index.js","statementMap":{"0":{"start":{"line":1,"column":58},"end":{"line":1,"column":112}}},"fnMap":{},"branchMap":{},"s":{"0":0},"f":{},"b":{}}
,"/home/ryan/projects/git/henboard/client/src/actions/info.js": {"path":"/home/ryan/projects/git/henboard/client/src/actions/info.js","statementMap":{"0":{"start":{"line":1,"column":14},"end":{"line":1,"column":20}},"1":{"start":{"line":2,"column":18},"end":{"line":2,"column":29}},"2":{"start":{"line":4,"column":4},"end":{"line":9,"column":6}},"3":{"start":{"line":11,"column":17},"end":{"line":11,"column":27}},"4":{"start":{"line":13,"column":4},"end":{"line":20,"column":6}},"5":{"start":{"line":22,"column":20},"end":{"line":22,"column":33}},"6":{"start":{"line":24,"column":4},"end":{"line":30,"column":6}}},"fnMap":{"0":{"name":"initInfo","decl":{"start":{"line":3,"column":9},"end":{"line":3,"column":17}},"loc":{"start":{"line":3,"column":24},"end":{"line":10,"column":1}},"line":3},"1":{"name":"addInfo","decl":{"start":{"line":12,"column":9},"end":{"line":12,"column":16}},"loc":{"start":{"line":12,"column":23},"end":{"line":21,"column":1}},"line":12},"2":{"name":"removeInfo","decl":{"start":{"line":23,"column":9},"end":{"line":23,"column":19}},"loc":{"start":{"line":23,"column":26},"end":{"line":31,"column":1}},"line":23}},"branchMap":{},"s":{"0":21,"1":21,"2":2,"3":21,"4":2,"5":21,"6":2},"f":{"0":2,"1":2,"2":2},"b":{},"_coverageSchema":"332fd63041d2c1bcb487cc26dd0d5f7d97098a6c","hash":"82d554a46a5c8fdba18cf1430a091dee7019a8c1"}
,"/home/ryan/projects/git/henboard/client/src/actions/items.js": {"path":"/home/ryan/projects/git/henboard/client/src/actions/items.js","statementMap":{"0":{"start":{"line":1,"column":14},"end":{"line":1,"column":21}},"1":{"start":{"line":2,"column":19},"end":{"line":2,"column":31}},"2":{"start":{"line":4,"column":4},"end":{"line":9,"column":6}},"3":{"start":{"line":11,"column":18},"end":{"line":11,"column":29}},"4":{"start":{"line":13,"column":4},"end":{"line":18,"column":6}},"5":{"start":{"line":20,"column":19},"end":{"line":20,"column":31}},"6":{"start":{"line":22,"column":4},"end":{"line":27,"column":6}},"7":{"start":{"line":29,"column":17},"end":{"line":29,"column":27}},"8":{"start":{"line":31,"column":4},"end":{"line":40,"column":6}},"9":{"start":{"line":42,"column":20},"end":{"line":42,"column":33}},"10":{"start":{"line":44,"column":4},"end":{"line":49,"column":6}},"11":{"start":{"line":51,"column":18},"end":{"line":51,"column":29}},"12":{"start":{"line":55,"column":4},"end":{"line":62,"column":6}},"13":{"start":{"line":64,"column":26},"end":{"line":64,"column":45}},"14":{"start":{"line":67,"column":4},"end":{"line":73,"column":6}},"15":{"start":{"line":76,"column":24},"end":{"line":76,"column":41}},"16":{"start":{"line":78,"column":4},"end":{"line":83,"column":6}}},"fnMap":{"0":{"name":"initItems","decl":{"start":{"line":3,"column":9},"end":{"line":3,"column":18}},"loc":{"start":{"line":3,"column":26},"end":{"line":10,"column":1}},"line":3},"1":{"name":"openInfo","decl":{"start":{"line":12,"column":9},"end":{"line":12,"column":17}},"loc":{"start":{"line":12,"column":24},"end":{"line":19,"column":1}},"line":12},"2":{"name":"closeInfo","decl":{"start":{"line":21,"column":9},"end":{"line":21,"column":18}},"loc":{"start":{"line":21,"column":25},"end":{"line":28,"column":1}},"line":21},"3":{"name":"addItem","decl":{"start":{"line":30,"column":9},"end":{"line":30,"column":16}},"loc":{"start":{"line":30,"column":23},"end":{"line":41,"column":1}},"line":30},"4":{"name":"removeItem","decl":{"start":{"line":43,"column":9},"end":{"line":43,"column":19}},"loc":{"start":{"line":43,"column":26},"end":{"line":50,"column":1}},"line":43},"5":{"name":"moveItem","decl":{"start":{"line":52,"column":9},"end":{"line":52,"column":17}},"loc":{"start":{"line":52,"column":24},"end":{"line":63,"column":1}},"line":52},"6":{"name":"changeItemValue","decl":{"start":{"line":65,"column":9},"end":{"line":65,"column":24}},"loc":{"start":{"line":65,"column":31},"end":{"line":74,"column":1}},"line":65},"7":{"name":"toggleInfoAdd","decl":{"start":{"line":77,"column":9},"end":{"line":77,"column":22}},"loc":{"start":{"line":77,"column":29},"end":{"line":84,"column":1}},"line":77}},"branchMap":{"0":{"loc":{"start":{"line":36,"column":14},"end":{"line":36,"column":29}},"type":"binary-expr","locations":[{"start":{"line":36,"column":14},"end":{"line":36,"column":23}},{"start":{"line":36,"column":27},"end":{"line":36,"column":29}}],"line":36},"1":{"loc":{"start":{"line":37,"column":16},"end":{"line":37,"column":33}},"type":"binary-expr","locations":[{"start":{"line":37,"column":16},"end":{"line":37,"column":27}},{"start":{"line":37,"column":31},"end":{"line":37,"column":33}}],"line":37},"2":{"loc":{"start":{"line":60,"column":14},"end":{"line":60,"column":29}},"type":"binary-expr","locations":[{"start":{"line":60,"column":14},"end":{"line":60,"column":23}},{"start":{"line":60,"column":27},"end":{"line":60,"column":29}}],"line":60},"3":{"loc":{"start":{"line":61,"column":16},"end":{"line":61,"column":33}},"type":"binary-expr","locations":[{"start":{"line":61,"column":16},"end":{"line":61,"column":27}},{"start":{"line":61,"column":31},"end":{"line":61,"column":33}}],"line":61}},"s":{"0":21,"1":21,"2":2,"3":21,"4":2,"5":21,"6":2,"7":21,"8":2,"9":21,"10":2,"11":21,"12":2,"13":21,"14":2,"15":21,"16":0},"f":{"0":2,"1":2,"2":2,"3":2,"4":2,"5":2,"6":2,"7":0},"b":{"0":[2,1],"1":[2,1],"2":[2,0],"3":[2,0]},"_coverageSchema":"332fd63041d2c1bcb487cc26dd0d5f7d97098a6c","hash":"2445819bb75fd64bf658ba9e854ee47ace6ae3a0"}
,"/home/ryan/projects/git/henboard/client/src/actions/lanes.js": {"path":"/home/ryan/projects/git/henboard/client/src/actions/lanes.js","statementMap":{"0":{"start":{"line":1,"column":14},"end":{"line":1,"column":21}},"1":{"start":{"line":2,"column":19},"end":{"line":2,"column":31}},"2":{"start":{"line":4,"column":4},"end":{"line":9,"column":6}},"3":{"start":{"line":11,"column":24},"end":{"line":11,"column":41}},"4":{"start":{"line":13,"column":4},"end":{"line":18,"column":6}},"5":{"start":{"line":20,"column":17},"end":{"line":20,"column":27}},"6":{"start":{"line":22,"column":4},"end":{"line":29,"column":6}},"7":{"start":{"line":31,"column":21},"end":{"line":31,"column":35}},"8":{"start":{"line":33,"column":4},"end":{"line":40,"column":6}}},"fnMap":{"0":{"name":"initLanes","decl":{"start":{"line":3,"column":9},"end":{"line":3,"column":18}},"loc":{"start":{"line":3,"column":26},"end":{"line":10,"column":1}},"line":3},"1":{"name":"toggleAddItem","decl":{"start":{"line":12,"column":9},"end":{"line":12,"column":22}},"loc":{"start":{"line":12,"column":28},"end":{"line":19,"column":1}},"line":12},"2":{"name":"addLane","decl":{"start":{"line":21,"column":9},"end":{"line":21,"column":16}},"loc":{"start":{"line":21,"column":23},"end":{"line":30,"column":1}},"line":21},"3":{"name":"changeValue","decl":{"start":{"line":32,"column":9},"end":{"line":32,"column":20}},"loc":{"start":{"line":32,"column":27},"end":{"line":41,"column":1}},"line":32}},"branchMap":{},"s":{"0":20,"1":20,"2":2,"3":20,"4":2,"5":20,"6":2,"7":20,"8":2},"f":{"0":2,"1":2,"2":2,"3":2},"b":{},"_coverageSchema":"332fd63041d2c1bcb487cc26dd0d5f7d97098a6c","hash":"36d91e0eea31fce6c14979f39ced5cad0d47c98e"}
,"/home/ryan/projects/git/henboard/client/src/actions/messages.js": {"path":"/home/ryan/projects/git/henboard/client/src/actions/messages.js","statementMap":{"0":{"start":{"line":1,"column":31},"end":{"line":1,"column":54}},"1":{"start":{"line":3,"column":4},"end":{"line":7,"column":6}},"2":{"start":{"line":10,"column":24},"end":{"line":10,"column":41}},"3":{"start":{"line":12,"column":4},"end":{"line":15,"column":6}}},"fnMap":{"0":{"name":"displayErrorMessages","decl":{"start":{"line":2,"column":9},"end":{"line":2,"column":29}},"loc":{"start":{"line":2,"column":40},"end":{"line":8,"column":1}},"line":2},"1":{"name":"removeMessages","decl":{"start":{"line":11,"column":9},"end":{"line":11,"column":23}},"loc":{"start":{"line":11,"column":26},"end":{"line":16,"column":1}},"line":11}},"branchMap":{},"s":{"0":20,"1":2,"2":20,"3":2},"f":{"0":2,"1":2},"b":{},"_coverageSchema":"332fd63041d2c1bcb487cc26dd0d5f7d97098a6c","hash":"db34385602e8a565f387619081f43066a5c1cfe8"}
,"/home/ryan/projects/git/henboard/client/src/actions/planning.js": {"path":"/home/ryan/projects/git/henboard/client/src/actions/planning.js","statementMap":{"0":{"start":{"line":1,"column":14},"end":{"line":1,"column":24}},"1":{"start":{"line":2,"column":22},"end":{"line":2,"column":37}},"2":{"start":{"line":4,"column":4},"end":{"line":9,"column":6}},"3":{"start":{"line":11,"column":21},"end":{"line":11,"column":35}},"4":{"start":{"line":13,"column":4},"end":{"line":18,"column":6}},"5":{"start":{"line":20,"column":24},"end":{"line":20,"column":41}},"6":{"start":{"line":22,"column":4},"end":{"line":26,"column":6}},"7":{"start":{"line":28,"column":30},"end":{"line":28,"column":53}},"8":{"start":{"line":30,"column":4},"end":{"line":35,"column":6}}},"fnMap":{"0":{"name":"initPlanning","decl":{"start":{"line":3,"column":9},"end":{"line":3,"column":21}},"loc":{"start":{"line":3,"column":28},"end":{"line":10,"column":1}},"line":3},"1":{"name":"setPlanning","decl":{"start":{"line":12,"column":9},"end":{"line":12,"column":20}},"loc":{"start":{"line":12,"column":27},"end":{"line":19,"column":1}},"line":12},"2":{"name":"togglePlanning","decl":{"start":{"line":21,"column":9},"end":{"line":21,"column":23}},"loc":{"start":{"line":21,"column":30},"end":{"line":27,"column":1}},"line":21},"3":{"name":"changePlanningValue","decl":{"start":{"line":29,"column":9},"end":{"line":29,"column":28}},"loc":{"start":{"line":29,"column":35},"end":{"line":36,"column":1}},"line":29}},"branchMap":{},"s":{"0":20,"1":20,"2":2,"3":20,"4":2,"5":20,"6":2,"7":20,"8":2},"f":{"0":2,"1":2,"2":2,"3":2},"b":{},"_coverageSchema":"332fd63041d2c1bcb487cc26dd0d5f7d97098a6c","hash":"bcaa00ca0f35373cbd508f0262f5eecb40b452c9"}
,"/home/ryan/projects/git/henboard/client/src/actions/projects.js": {"path":"/home/ryan/projects/git/henboard/client/src/actions/projects.js","statementMap":{"0":{"start":{"line":1,"column":14},"end":{"line":1,"column":24}},"1":{"start":{"line":2,"column":22},"end":{"line":2,"column":37}},"2":{"start":{"line":4,"column":4},"end":{"line":9,"column":6}},"3":{"start":{"line":11,"column":28},"end":{"line":11,"column":49}},"4":{"start":{"line":13,"column":4},"end":{"line":17,"column":6}}},"fnMap":{"0":{"name":"initProjects","decl":{"start":{"line":3,"column":9},"end":{"line":3,"column":21}},"loc":{"start":{"line":3,"column":32},"end":{"line":10,"column":1}},"line":3},"1":{"name":"setCurrentProject","decl":{"start":{"line":12,"column":9},"end":{"line":12,"column":26}},"loc":{"start":{"line":12,"column":36},"end":{"line":18,"column":1}},"line":12}},"branchMap":{},"s":{"0":20,"1":20,"2":3,"3":20,"4":2},"f":{"0":3,"1":2},"b":{},"_coverageSchema":"332fd63041d2c1bcb487cc26dd0d5f7d97098a6c","hash":"77f50f2b7b4557c0f8b77147586f86716bf48225"}
,"/home/ryan/projects/git/henboard/client/src/actions/sprints.js": {"path":"/home/ryan/projects/git/henboard/client/src/actions/sprints.js","statementMap":{"0":{"start":{"line":1,"column":14},"end":{"line":1,"column":23}},"1":{"start":{"line":2,"column":21},"end":{"line":2,"column":35}},"2":{"start":{"line":4,"column":4},"end":{"line":9,"column":6}},"3":{"start":{"line":11,"column":19},"end":{"line":11,"column":31}},"4":{"start":{"line":13,"column":4},"end":{"line":19,"column":6}},"5":{"start":{"line":21,"column":27},"end":{"line":21,"column":47}},"6":{"start":{"line":23,"column":4},"end":{"line":28,"column":6}}},"fnMap":{"0":{"name":"initSprints","decl":{"start":{"line":3,"column":9},"end":{"line":3,"column":20}},"loc":{"start":{"line":3,"column":30},"end":{"line":10,"column":1}},"line":3},"1":{"name":"addSprint","decl":{"start":{"line":12,"column":9},"end":{"line":12,"column":18}},"loc":{"start":{"line":12,"column":27},"end":{"line":20,"column":1}},"line":12},"2":{"name":"setCurrentSprint","decl":{"start":{"line":22,"column":9},"end":{"line":22,"column":25}},"loc":{"start":{"line":22,"column":34},"end":{"line":29,"column":1}},"line":22}},"branchMap":{},"s":{"0":20,"1":20,"2":2,"3":20,"4":2,"5":20,"6":2},"f":{"0":2,"1":2,"2":2},"b":{},"_coverageSchema":"332fd63041d2c1bcb487cc26dd0d5f7d97098a6c","hash":"89f8039d1cad492b91ec7408b54cb5178f12fb38"}
,"/home/ryan/projects/git/henboard/client/src/components/AddItem.js": {"path":"/home/ryan/projects/git/henboard/client/src/components/AddItem.js","statementMap":{"0":{"start":{"line":8,"column":16},"end":{"line":41,"column":1}},"1":{"start":{"line":17,"column":18},"end":{"line":17,"column":68}},"2":{"start":{"line":18,"column":23},"end":{"line":18,"column":78}},"3":{"start":{"line":18,"column":40},"end":{"line":18,"column":78}},"4":{"start":{"line":19,"column":4},"end":{"line":40,"column":6}},"5":{"start":{"line":21,"column":31},"end":{"line":21,"column":51}},"6":{"start":{"line":30,"column":49},"end":{"line":30,"column":72}},"7":{"start":{"line":31,"column":47},"end":{"line":31,"column":72}},"8":{"start":{"line":34,"column":51},"end":{"line":34,"column":64}}},"fnMap":{"0":{"name":"(anonymous_0)","decl":{"start":{"line":8,"column":16},"end":{"line":8,"column":17}},"loc":{"start":{"line":16,"column":6},"end":{"line":41,"column":1}},"line":16},"1":{"name":"(anonymous_1)","decl":{"start":{"line":18,"column":23},"end":{"line":18,"column":24}},"loc":{"start":{"line":18,"column":40},"end":{"line":18,"column":78}},"line":18},"2":{"name":"(anonymous_2)","decl":{"start":{"line":21,"column":25},"end":{"line":21,"column":26}},"loc":{"start":{"line":21,"column":31},"end":{"line":21,"column":51}},"line":21},"3":{"name":"(anonymous_3)","decl":{"start":{"line":30,"column":40},"end":{"line":30,"column":41}},"loc":{"start":{"line":30,"column":49},"end":{"line":30,"column":72}},"line":30},"4":{"name":"(anonymous_4)","decl":{"start":{"line":31,"column":38},"end":{"line":31,"column":39}},"loc":{"start":{"line":31,"column":47},"end":{"line":31,"column":72}},"line":31},"5":{"name":"(anonymous_5)","decl":{"start":{"line":34,"column":45},"end":{"line":34,"column":46}},"loc":{"start":{"line":34,"column":51},"end":{"line":34,"column":64}},"line":34}},"branchMap":{"0":{"loc":{"start":{"line":17,"column":32},"end":{"line":17,"column":66}},"type":"cond-expr","locations":[{"start":{"line":17,"column":46},"end":{"line":17,"column":55}},{"start":{"line":17,"column":58},"end":{"line":17,"column":66}}],"line":17},"1":{"loc":{"start":{"line":18,"column":40},"end":{"line":18,"column":78}},"type":"binary-expr","locations":[{"start":{"line":18,"column":40},"end":{"line":18,"column":61}},{"start":{"line":18,"column":65},"end":{"line":18,"column":78}}],"line":18}},"s":{"0":11,"1":11,"2":11,"3":0,"4":11,"5":0,"6":0,"7":0,"8":0},"f":{"0":11,"1":0,"2":0,"3":0,"4":0,"5":0},"b":{"0":[1,10],"1":[0,0]},"_coverageSchema":"332fd63041d2c1bcb487cc26dd0d5f7d97098a6c","hash":"0118f37e87221928df226551022052820464486c"}
,"/home/ryan/projects/git/henboard/client/src/components/App.js": {"path":"/home/ryan/projects/git/henboard/client/src/components/App.js","statementMap":{"0":{"start":{"line":12,"column":12},"end":{"line":17,"column":11}},"1":{"start":{"line":13,"column":4},"end":{"line":17,"column":11}}},"fnMap":{"0":{"name":"(anonymous_0)","decl":{"start":{"line":12,"column":12},"end":{"line":12,"column":13}},"loc":{"start":{"line":13,"column":4},"end":{"line":17,"column":11}},"line":13}},"branchMap":{},"s":{"0":5,"1":5},"f":{"0":5},"b":{},"_coverageSchema":"332fd63041d2c1bcb487cc26dd0d5f7d97098a6c","hash":"c27324c7009eb39003c02f9ff11c486281e4fdcb"}
,"/home/ryan/projects/git/henboard/client/src/components/Footer.js": {"path":"/home/ryan/projects/git/henboard/client/src/components/Footer.js","statementMap":{"0":{"start":{"line":10,"column":15},"end":{"line":15,"column":10}},"1":{"start":{"line":11,"column":4},"end":{"line":15,"column":10}}},"fnMap":{"0":{"name":"(anonymous_0)","decl":{"start":{"line":10,"column":15},"end":{"line":10,"column":16}},"loc":{"start":{"line":11,"column":4},"end":{"line":15,"column":10}},"line":11}},"branchMap":{},"s":{"0":5,"1":5},"f":{"0":5},"b":{},"_coverageSchema":"332fd63041d2c1bcb487cc26dd0d5f7d97098a6c","hash":"6fad704e63dc3c499c761640f5d04952e8a58d5f"}
,"/home/ryan/projects/git/henboard/client/src/components/Info.js": {"path":"/home/ryan/projects/git/henboard/client/src/components/Info.js","statementMap":{"0":{"start":{"line":11,"column":13},"end":{"line":41,"column":1}},"1":{"start":{"line":12,"column":4},"end":{"line":40,"column":6}},"2":{"start":{"line":20,"column":24},"end":{"line":31,"column":30}},"3":{"start":{"line":29,"column":50},"end":{"line":29,"column":66}},"4":{"start":{"line":35,"column":42},"end":{"line":35,"column":65}}},"fnMap":{"0":{"name":"(anonymous_0)","decl":{"start":{"line":11,"column":13},"end":{"line":11,"column":14}},"loc":{"start":{"line":11,"column":66},"end":{"line":41,"column":1}},"line":11},"1":{"name":"(anonymous_1)","decl":{"start":{"line":19,"column":30},"end":{"line":19,"column":31}},"loc":{"start":{"line":20,"column":24},"end":{"line":31,"column":30}},"line":20},"2":{"name":"(anonymous_2)","decl":{"start":{"line":29,"column":44},"end":{"line":29,"column":45}},"loc":{"start":{"line":29,"column":50},"end":{"line":29,"column":66}},"line":29},"3":{"name":"(anonymous_3)","decl":{"start":{"line":35,"column":33},"end":{"line":35,"column":34}},"loc":{"start":{"line":35,"column":42},"end":{"line":35,"column":65}},"line":35}},"branchMap":{"0":{"loc":{"start":{"line":17,"column":13},"end":{"line":33,"column":29}},"type":"binary-expr","locations":[{"start":{"line":17,"column":13},"end":{"line":17,"column":28}},{"start":{"line":18,"column":16},"end":{"line":33,"column":29}}],"line":17},"1":{"loc":{"start":{"line":22,"column":33},"end":{"line":26,"column":42}},"type":"cond-expr","locations":[{"start":{"line":23,"column":38},"end":{"line":23,"column":48}},{"start":{"line":24,"column":38},"end":{"line":26,"column":42}}],"line":22}},"s":{"0":7,"1":2,"2":1,"3":0,"4":0},"f":{"0":2,"1":1,"2":0,"3":0},"b":{"0":[2,1],"1":[1,0]},"_coverageSchema":"332fd63041d2c1bcb487cc26dd0d5f7d97098a6c","hash":"52e254e639f8666d2d8d97206ce6d876da0fda21"}
,"/home/ryan/projects/git/henboard/client/src/components/Item.js": {"path":"/home/ryan/projects/git/henboard/client/src/components/Item.js","statementMap":{"0":{"start":{"line":8,"column":13},"end":{"line":34,"column":1}},"1":{"start":{"line":16,"column":4},"end":{"line":33,"column":6}},"2":{"start":{"line":20,"column":34},"end":{"line":20,"column":55}},"3":{"start":{"line":22,"column":37},"end":{"line":22,"column":61}},"4":{"start":{"line":27,"column":34},"end":{"line":27,"column":50}}},"fnMap":{"0":{"name":"(anonymous_0)","decl":{"start":{"line":8,"column":13},"end":{"line":8,"column":14}},"loc":{"start":{"line":15,"column":6},"end":{"line":34,"column":1}},"line":15},"1":{"name":"(anonymous_1)","decl":{"start":{"line":20,"column":25},"end":{"line":20,"column":26}},"loc":{"start":{"line":20,"column":34},"end":{"line":20,"column":55}},"line":20},"2":{"name":"(anonymous_2)","decl":{"start":{"line":22,"column":28},"end":{"line":22,"column":29}},"loc":{"start":{"line":22,"column":37},"end":{"line":22,"column":61}},"line":22},"3":{"name":"(anonymous_3)","decl":{"start":{"line":27,"column":28},"end":{"line":27,"column":29}},"loc":{"start":{"line":27,"column":34},"end":{"line":27,"column":50}},"line":27}},"branchMap":{"0":{"loc":{"start":{"line":28,"column":21},"end":{"line":28,"column":43}},"type":"cond-expr","locations":[{"start":{"line":28,"column":34},"end":{"line":28,"column":37}},{"start":{"line":28,"column":40},"end":{"line":28,"column":43}}],"line":28}},"s":{"0":5,"1":2,"2":0,"3":0,"4":0},"f":{"0":2,"1":0,"2":0,"3":0},"b":{"0":[0,2]},"_coverageSchema":"332fd63041d2c1bcb487cc26dd0d5f7d97098a6c","hash":"ac2b9dcb52b94eab24f2953beeca3553965c5f1a"}
,"/home/ryan/projects/git/henboard/client/src/components/Selector.js": {"path":"/home/ryan/projects/git/henboard/client/src/components/Selector.js","statementMap":{"0":{"start":{"line":10,"column":8},"end":{"line":10,"column":21}},"1":{"start":{"line":11,"column":8},"end":{"line":11,"column":40}},"2":{"start":{"line":14,"column":20},"end":{"line":14,"column":68}},"3":{"start":{"line":15,"column":8},"end":{"line":49,"column":10}},"4":{"start":{"line":20,"column":43},"end":{"line":20,"column":72}},"5":{"start":{"line":27,"column":32},"end":{"line":31,"column":43}},"6":{"start":{"line":38,"column":40},"end":{"line":38,"column":72}}},"fnMap":{"0":{"name":"(anonymous_0)","decl":{"start":{"line":9,"column":4},"end":{"line":9,"column":5}},"loc":{"start":{"line":9,"column":23},"end":{"line":12,"column":5}},"line":9},"1":{"name":"(anonymous_1)","decl":{"start":{"line":13,"column":4},"end":{"line":13,"column":5}},"loc":{"start":{"line":13,"column":13},"end":{"line":50,"column":5}},"line":13},"2":{"name":"(anonymous_2)","decl":{"start":{"line":20,"column":34},"end":{"line":20,"column":35}},"loc":{"start":{"line":20,"column":43},"end":{"line":20,"column":72}},"line":20},"3":{"name":"(anonymous_3)","decl":{"start":{"line":26,"column":33},"end":{"line":26,"column":34}},"loc":{"start":{"line":27,"column":32},"end":{"line":31,"column":43}},"line":27},"4":{"name":"(anonymous_4)","decl":{"start":{"line":37,"column":45},"end":{"line":37,"column":46}},"loc":{"start":{"line":38,"column":40},"end":{"line":38,"column":72}},"line":38}},"branchMap":{"0":{"loc":{"start":{"line":14,"column":20},"end":{"line":14,"column":68}},"type":"cond-expr","locations":[{"start":{"line":14,"column":41},"end":{"line":14,"column":64}},{"start":{"line":14,"column":67},"end":{"line":14,"column":68}}],"line":14},"1":{"loc":{"start":{"line":33,"column":25},"end":{"line":41,"column":33}},"type":"binary-expr","locations":[{"start":{"line":33,"column":25},"end":{"line":33,"column":44}},{"start":{"line":34,"column":28},"end":{"line":41,"column":33}}],"line":33}},"s":{"0":3,"1":3,"2":3,"3":3,"4":0,"5":3,"6":0},"f":{"0":3,"1":3,"2":0,"3":3,"4":0},"b":{"0":[0,3],"1":[3,3]},"_coverageSchema":"332fd63041d2c1bcb487cc26dd0d5f7d97098a6c","hash":"7b80376f21acd09515c2383cf82d49ef1b73ab58"}
,"/home/ryan/projects/git/henboard/client/src/components/containers/AddItemInfo.js": {"path":"/home/ryan/projects/git/henboard/client/src/components/containers/AddItemInfo.js","statementMap":{"0":{"start":{"line":10,"column":24},"end":{"line":22,"column":1}},"1":{"start":{"line":11,"column":15},"end":{"line":11,"column":69}},"2":{"start":{"line":12,"column":4},"end":{"line":21,"column":6}},"3":{"start":{"line":24,"column":27},"end":{"line":50,"column":1}},"4":{"start":{"line":25,"column":4},"end":{"line":49,"column":6}},"5":{"start":{"line":27,"column":12},"end":{"line":27,"column":80}},"6":{"start":{"line":30,"column":12},"end":{"line":36,"column":14}},"7":{"start":{"line":39,"column":12},"end":{"line":39,"column":36}},"8":{"start":{"line":41,"column":12},"end":{"line":47,"column":14}},"9":{"start":{"line":52,"column":20},"end":{"line":52,"column":73}}},"fnMap":{"0":{"name":"(anonymous_0)","decl":{"start":{"line":10,"column":24},"end":{"line":10,"column":25}},"loc":{"start":{"line":10,"column":45},"end":{"line":22,"column":1}},"line":10},"1":{"name":"(anonymous_1)","decl":{"start":{"line":24,"column":27},"end":{"line":24,"column":28}},"loc":{"start":{"line":24,"column":51},"end":{"line":50,"column":1}},"line":24},"2":{"name":"(anonymous_2)","decl":{"start":{"line":26,"column":23},"end":{"line":26,"column":24}},"loc":{"start":{"line":26,"column":32},"end":{"line":28,"column":9}},"line":26},"3":{"name":"(anonymous_3)","decl":{"start":{"line":29,"column":21},"end":{"line":29,"column":22}},"loc":{"start":{"line":29,"column":39},"end":{"line":37,"column":9}},"line":29},"4":{"name":"(anonymous_4)","decl":{"start":{"line":38,"column":17},"end":{"line":38,"column":18}},"loc":{"start":{"line":38,"column":25},"end":{"line":48,"column":9}},"line":38}},"branchMap":{"0":{"loc":{"start":{"line":14,"column":15},"end":{"line":14,"column":31}},"type":"binary-expr","locations":[{"start":{"line":14,"column":15},"end":{"line":14,"column":25}},{"start":{"line":14,"column":29},"end":{"line":14,"column":31}}],"line":14},"1":{"loc":{"start":{"line":15,"column":21},"end":{"line":15,"column":39}},"type":"binary-expr","locations":[{"start":{"line":15,"column":21},"end":{"line":15,"column":33}},{"start":{"line":15,"column":37},"end":{"line":15,"column":39}}],"line":15},"2":{"loc":{"start":{"line":19,"column":19},"end":{"line":19,"column":35}},"type":"binary-expr","locations":[{"start":{"line":19,"column":19},"end":{"line":19,"column":29}},{"start":{"line":19,"column":33},"end":{"line":19,"column":35}}],"line":19}},"s":{"0":8,"1":3,"2":3,"3":8,"4":3,"5":0,"6":0,"7":0,"8":0,"9":8},"f":{"0":3,"1":3,"2":0,"3":0,"4":0},"b":{"0":[3,3],"1":[3,3],"2":[3,3]},"_coverageSchema":"332fd63041d2c1bcb487cc26dd0d5f7d97098a6c","hash":"f5b33826129ba322a728689fe75b4c57bfa59056"}
,"/home/ryan/projects/git/henboard/client/src/components/containers/AddItemLane.js": {"path":"/home/ryan/projects/git/henboard/client/src/components/containers/AddItemLane.js","statementMap":{"0":{"start":{"line":12,"column":24},"end":{"line":27,"column":1}},"1":{"start":{"line":13,"column":18},"end":{"line":13,"column":51}},"2":{"start":{"line":14,"column":17},"end":{"line":14,"column":48}},"3":{"start":{"line":15,"column":15},"end":{"line":15,"column":69}},"4":{"start":{"line":16,"column":4},"end":{"line":26,"column":6}},"5":{"start":{"line":29,"column":27},"end":{"line":67,"column":1}},"6":{"start":{"line":30,"column":4},"end":{"line":66,"column":6}},"7":{"start":{"line":32,"column":12},"end":{"line":37,"column":14}},"8":{"start":{"line":40,"column":12},"end":{"line":46,"column":14}},"9":{"start":{"line":49,"column":12},"end":{"line":56,"column":14}},"10":{"start":{"line":58,"column":12},"end":{"line":64,"column":14}},"11":{"start":{"line":69,"column":20},"end":{"line":69,"column":73}}},"fnMap":{"0":{"name":"(anonymous_0)","decl":{"start":{"line":12,"column":24},"end":{"line":12,"column":25}},"loc":{"start":{"line":12,"column":45},"end":{"line":27,"column":1}},"line":12},"1":{"name":"(anonymous_1)","decl":{"start":{"line":29,"column":27},"end":{"line":29,"column":28}},"loc":{"start":{"line":29,"column":51},"end":{"line":67,"column":1}},"line":29},"2":{"name":"(anonymous_2)","decl":{"start":{"line":31,"column":23},"end":{"line":31,"column":24}},"loc":{"start":{"line":31,"column":32},"end":{"line":38,"column":9}},"line":31},"3":{"name":"(anonymous_3)","decl":{"start":{"line":39,"column":21},"end":{"line":39,"column":22}},"loc":{"start":{"line":39,"column":39},"end":{"line":47,"column":9}},"line":39},"4":{"name":"(anonymous_4)","decl":{"start":{"line":48,"column":17},"end":{"line":48,"column":18}},"loc":{"start":{"line":48,"column":25},"end":{"line":65,"column":9}},"line":48}},"branchMap":{},"s":{"0":4,"1":6,"2":6,"3":6,"4":6,"5":4,"6":6,"7":0,"8":0,"9":0,"10":0,"11":4},"f":{"0":6,"1":6,"2":0,"3":0,"4":0},"b":{},"_coverageSchema":"332fd63041d2c1bcb487cc26dd0d5f7d97098a6c","hash":"ba6dfdda3987aab96cbcdbd1a7d0a471cda43512"}
,"/home/ryan/projects/git/henboard/client/src/components/containers/BacklogButton.js": {"path":"/home/ryan/projects/git/henboard/client/src/components/containers/BacklogButton.js","statementMap":{"0":{"start":{"line":11,"column":29},"end":{"line":19,"column":1}},"1":{"start":{"line":12,"column":4},"end":{"line":18,"column":6}},"2":{"start":{"line":14,"column":38},"end":{"line":14,"column":64}},"3":{"start":{"line":21,"column":24},"end":{"line":32,"column":1}},"4":{"start":{"line":22,"column":18},"end":{"line":22,"column":51}},"5":{"start":{"line":23,"column":17},"end":{"line":23,"column":65}},"6":{"start":{"line":24,"column":18},"end":{"line":27,"column":6}},"7":{"start":{"line":28,"column":4},"end":{"line":31,"column":6}},"8":{"start":{"line":34,"column":27},"end":{"line":40,"column":1}},"9":{"start":{"line":35,"column":4},"end":{"line":39,"column":6}},"10":{"start":{"line":37,"column":12},"end":{"line":37,"column":37}}},"fnMap":{"0":{"name":"(anonymous_0)","decl":{"start":{"line":11,"column":29},"end":{"line":11,"column":30}},"loc":{"start":{"line":11,"column":65},"end":{"line":19,"column":1}},"line":11},"1":{"name":"(anonymous_1)","decl":{"start":{"line":14,"column":29},"end":{"line":14,"column":30}},"loc":{"start":{"line":14,"column":38},"end":{"line":14,"column":64}},"line":14},"2":{"name":"(anonymous_2)","decl":{"start":{"line":21,"column":24},"end":{"line":21,"column":25}},"loc":{"start":{"line":21,"column":45},"end":{"line":32,"column":1}},"line":21},"3":{"name":"(anonymous_3)","decl":{"start":{"line":34,"column":27},"end":{"line":34,"column":28}},"loc":{"start":{"line":34,"column":51},"end":{"line":40,"column":1}},"line":34},"4":{"name":"(anonymous_4)","decl":{"start":{"line":36,"column":23},"end":{"line":36,"column":24}},"loc":{"start":{"line":36,"column":40},"end":{"line":38,"column":9}},"line":36}},"branchMap":{},"s":{"0":4,"1":1,"2":0,"3":4,"4":1,"5":1,"6":1,"7":1,"8":4,"9":1,"10":0},"f":{"0":1,"1":0,"2":1,"3":1,"4":0},"b":{},"_coverageSchema":"332fd63041d2c1bcb487cc26dd0d5f7d97098a6c","hash":"43e108647b15857b7423fabad36c75428d34dda5"}
,"/home/ryan/projects/git/henboard/client/src/components/containers/Header.js": {"path":"/home/ryan/projects/git/henboard/client/src/components/containers/Header.js","statementMap":{"0":{"start":{"line":12,"column":22},"end":{"line":53,"column":1}},"1":{"start":{"line":13,"column":4},"end":{"line":13,"column":60}},"2":{"start":{"line":14,"column":4},"end":{"line":52,"column":6}},"3":{"start":{"line":28,"column":39},"end":{"line":28,"column":57}},"4":{"start":{"line":55,"column":24},"end":{"line":61,"column":1}},"5":{"start":{"line":56,"column":18},"end":{"line":56,"column":51}},"6":{"start":{"line":57,"column":4},"end":{"line":60,"column":6}},"7":{"start":{"line":63,"column":27},"end":{"line":70,"column":1}},"8":{"start":{"line":64,"column":4},"end":{"line":69,"column":6}},"9":{"start":{"line":66,"column":12},"end":{"line":66,"column":39}}},"fnMap":{"0":{"name":"(anonymous_0)","decl":{"start":{"line":12,"column":22},"end":{"line":12,"column":23}},"loc":{"start":{"line":12,"column":76},"end":{"line":53,"column":1}},"line":12},"1":{"name":"(anonymous_1)","decl":{"start":{"line":28,"column":30},"end":{"line":28,"column":31}},"loc":{"start":{"line":28,"column":39},"end":{"line":28,"column":57}},"line":28},"2":{"name":"(anonymous_2)","decl":{"start":{"line":55,"column":24},"end":{"line":55,"column":25}},"loc":{"start":{"line":55,"column":45},"end":{"line":61,"column":1}},"line":55},"3":{"name":"(anonymous_3)","decl":{"start":{"line":63,"column":27},"end":{"line":63,"column":28}},"loc":{"start":{"line":63,"column":51},"end":{"line":70,"column":1}},"line":63},"4":{"name":"(anonymous_4)","decl":{"start":{"line":65,"column":24},"end":{"line":65,"column":25}},"loc":{"start":{"line":65,"column":30},"end":{"line":67,"column":9}},"line":65},"5":{"name":"(anonymous_5)","decl":{"start":{"line":68,"column":21},"end":{"line":68,"column":22}},"loc":{"start":{"line":68,"column":28},"end":{"line":68,"column":30}},"line":68}},"branchMap":{"0":{"loc":{"start":{"line":13,"column":4},"end":{"line":13,"column":59}},"type":"binary-expr","locations":[{"start":{"line":13,"column":4},"end":{"line":13,"column":23}},{"start":{"line":13,"column":27},"end":{"line":13,"column":59}}],"line":13},"1":{"loc":{"start":{"line":17,"column":17},"end":{"line":20,"column":28}},"type":"binary-expr","locations":[{"start":{"line":17,"column":17},"end":{"line":17,"column":36}},{"start":{"line":18,"column":20},"end":{"line":20,"column":28}}],"line":17}},"s":{"0":6,"1":6,"2":6,"3":0,"4":6,"5":6,"6":6,"7":6,"8":6,"9":0},"f":{"0":6,"1":0,"2":6,"3":6,"4":0,"5":0},"b":{"0":[6,0],"1":[6,0]},"_coverageSchema":"332fd63041d2c1bcb487cc26dd0d5f7d97098a6c","hash":"0354bd830ab9d991f13bbb1de82f696c053b30f4"}
,"/home/ryan/projects/git/henboard/client/src/components/containers/InfoItem.js": {"path":"/home/ryan/projects/git/henboard/client/src/components/containers/InfoItem.js","statementMap":{"0":{"start":{"line":11,"column":24},"end":{"line":18,"column":1}},"1":{"start":{"line":12,"column":18},"end":{"line":12,"column":51}},"2":{"start":{"line":13,"column":4},"end":{"line":17,"column":6}},"3":{"start":{"line":20,"column":27},"end":{"line":40,"column":1}},"4":{"start":{"line":21,"column":4},"end":{"line":39,"column":6}},"5":{"start":{"line":23,"column":12},"end":{"line":29,"column":14}},"6":{"start":{"line":32,"column":12},"end":{"line":37,"column":14}},"7":{"start":{"line":42,"column":17},"end":{"line":42,"column":67}}},"fnMap":{"0":{"name":"(anonymous_0)","decl":{"start":{"line":11,"column":24},"end":{"line":11,"column":25}},"loc":{"start":{"line":11,"column":45},"end":{"line":18,"column":1}},"line":11},"1":{"name":"(anonymous_1)","decl":{"start":{"line":20,"column":27},"end":{"line":20,"column":28}},"loc":{"start":{"line":20,"column":51},"end":{"line":40,"column":1}},"line":20},"2":{"name":"(anonymous_2)","decl":{"start":{"line":22,"column":20},"end":{"line":22,"column":21}},"loc":{"start":{"line":22,"column":28},"end":{"line":30,"column":9}},"line":22},"3":{"name":"(anonymous_3)","decl":{"start":{"line":31,"column":19},"end":{"line":31,"column":20}},"loc":{"start":{"line":31,"column":37},"end":{"line":38,"column":9}},"line":31}},"branchMap":{},"s":{"0":6,"1":1,"2":1,"3":6,"4":1,"5":0,"6":0,"7":6},"f":{"0":1,"1":1,"2":0,"3":0},"b":{},"_coverageSchema":"332fd63041d2c1bcb487cc26dd0d5f7d97098a6c","hash":"31ee2b5ec8071640dc592037ac1b432cc20bec42"}
,"/home/ryan/projects/git/henboard/client/src/components/containers/ItemLane.js": {"path":"/home/ryan/projects/git/henboard/client/src/components/containers/ItemLane.js","statementMap":{"0":{"start":{"line":10,"column":24},"end":{"line":25,"column":1}},"1":{"start":{"line":11,"column":18},"end":{"line":11,"column":51}},"2":{"start":{"line":12,"column":17},"end":{"line":12,"column":48}},"3":{"start":{"line":13,"column":4},"end":{"line":24,"column":6}},"4":{"start":{"line":27,"column":27},"end":{"line":39,"column":1}},"5":{"start":{"line":28,"column":4},"end":{"line":38,"column":6}},"6":{"start":{"line":30,"column":12},"end":{"line":30,"column":58}},"7":{"start":{"line":33,"column":12},"end":{"line":33,"column":75}},"8":{"start":{"line":36,"column":12},"end":{"line":36,"column":39}},"9":{"start":{"line":41,"column":17},"end":{"line":41,"column":67}}},"fnMap":{"0":{"name":"(anonymous_0)","decl":{"start":{"line":10,"column":24},"end":{"line":10,"column":25}},"loc":{"start":{"line":10,"column":45},"end":{"line":25,"column":1}},"line":10},"1":{"name":"(anonymous_1)","decl":{"start":{"line":27,"column":27},"end":{"line":27,"column":28}},"loc":{"start":{"line":27,"column":51},"end":{"line":39,"column":1}},"line":27},"2":{"name":"(anonymous_2)","decl":{"start":{"line":29,"column":18},"end":{"line":29,"column":19}},"loc":{"start":{"line":29,"column":35},"end":{"line":31,"column":9}},"line":29},"3":{"name":"(anonymous_3)","decl":{"start":{"line":32,"column":21},"end":{"line":32,"column":22}},"loc":{"start":{"line":32,"column":38},"end":{"line":34,"column":9}},"line":32},"4":{"name":"(anonymous_4)","decl":{"start":{"line":35,"column":20},"end":{"line":35,"column":21}},"loc":{"start":{"line":35,"column":28},"end":{"line":37,"column":9}},"line":35}},"branchMap":{},"s":{"0":4,"1":1,"2":1,"3":1,"4":4,"5":1,"6":0,"7":0,"8":0,"9":4},"f":{"0":1,"1":1,"2":0,"3":0,"4":0},"b":{},"_coverageSchema":"332fd63041d2c1bcb487cc26dd0d5f7d97098a6c","hash":"ee6a97ae3608926cf3b9f74cc6deb19d02cdea0f"}
,"/home/ryan/projects/git/henboard/client/src/components/containers/SelectorBoard.js": {"path":"/home/ryan/projects/git/henboard/client/src/components/containers/SelectorBoard.js","statementMap":{"0":{"start":{"line":13,"column":24},"end":{"line":22,"column":1}},"1":{"start":{"line":14,"column":4},"end":{"line":21,"column":6}},"2":{"start":{"line":24,"column":27},"end":{"line":41,"column":1}},"3":{"start":{"line":25,"column":4},"end":{"line":40,"column":6}},"4":{"start":{"line":27,"column":12},"end":{"line":38,"column":13}},"5":{"start":{"line":28,"column":16},"end":{"line":33,"column":18}},"6":{"start":{"line":35,"column":16},"end":{"line":37,"column":18}}},"fnMap":{"0":{"name":"(anonymous_0)","decl":{"start":{"line":13,"column":24},"end":{"line":13,"column":25}},"loc":{"start":{"line":13,"column":45},"end":{"line":22,"column":1}},"line":13},"1":{"name":"(anonymous_1)","decl":{"start":{"line":24,"column":27},"end":{"line":24,"column":28}},"loc":{"start":{"line":24,"column":51},"end":{"line":41,"column":1}},"line":24},"2":{"name":"(anonymous_2)","decl":{"start":{"line":26,"column":21},"end":{"line":26,"column":22}},"loc":{"start":{"line":26,"column":28},"end":{"line":39,"column":9}},"line":26}},"branchMap":{"0":{"loc":{"start":{"line":27,"column":12},"end":{"line":38,"column":13}},"type":"if","locations":[{"start":{"line":27,"column":12},"end":{"line":38,"column":13}},{"start":{"line":27,"column":12},"end":{"line":38,"column":13}}],"line":27}},"s":{"0":2,"1":2,"2":2,"3":2,"4":0,"5":0,"6":0},"f":{"0":2,"1":2,"2":0},"b":{"0":[0,0]},"_coverageSchema":"332fd63041d2c1bcb487cc26dd0d5f7d97098a6c","hash":"e813d722cb0fa00c9e85a8415f92860dba931da8"}
,"/home/ryan/projects/git/henboard/client/src/components/containers/Swimlane.js": {"path":"/home/ryan/projects/git/henboard/client/src/components/containers/Swimlane.js","statementMap":{"0":{"start":{"line":17,"column":24},"end":{"line":48,"column":1}},"1":{"start":{"line":25,"column":4},"end":{"line":47,"column":6}},"2":{"start":{"line":30,"column":33},"end":{"line":30,"column":71}},"3":{"start":{"line":33,"column":20},"end":{"line":43,"column":31}},"4":{"start":{"line":50,"column":24},"end":{"line":62,"column":1}},"5":{"start":{"line":51,"column":17},"end":{"line":51,"column":48}},"6":{"start":{"line":53,"column":8},"end":{"line":55,"column":74}},"7":{"start":{"line":56,"column":4},"end":{"line":61,"column":6}},"8":{"start":{"line":60,"column":41},"end":{"line":60,"column":72}},"9":{"start":{"line":64,"column":27},"end":{"line":82,"column":1}},"10":{"start":{"line":65,"column":4},"end":{"line":81,"column":6}},"11":{"start":{"line":67,"column":12},"end":{"line":67,"column":35}},"12":{"start":{"line":70,"column":12},"end":{"line":70,"column":35}},"13":{"start":{"line":71,"column":25},"end":{"line":71,"column":59}},"14":{"start":{"line":72,"column":12},"end":{"line":79,"column":14}}},"fnMap":{"0":{"name":"(anonymous_0)","decl":{"start":{"line":17,"column":24},"end":{"line":17,"column":25}},"loc":{"start":{"line":24,"column":6},"end":{"line":48,"column":1}},"line":24},"1":{"name":"(anonymous_1)","decl":{"start":{"line":30,"column":24},"end":{"line":30,"column":25}},"loc":{"start":{"line":30,"column":33},"end":{"line":30,"column":71}},"line":30},"2":{"name":"(anonymous_2)","decl":{"start":{"line":32,"column":27},"end":{"line":32,"column":28}},"loc":{"start":{"line":33,"column":20},"end":{"line":43,"column":31}},"line":33},"3":{"name":"(anonymous_3)","decl":{"start":{"line":50,"column":24},"end":{"line":50,"column":25}},"loc":{"start":{"line":50,"column":45},"end":{"line":62,"column":1}},"line":50},"4":{"name":"(anonymous_4)","decl":{"start":{"line":60,"column":33},"end":{"line":60,"column":34}},"loc":{"start":{"line":60,"column":41},"end":{"line":60,"column":72}},"line":60},"5":{"name":"(anonymous_5)","decl":{"start":{"line":64,"column":27},"end":{"line":64,"column":28}},"loc":{"start":{"line":64,"column":51},"end":{"line":82,"column":1}},"line":64},"6":{"name":"(anonymous_6)","decl":{"start":{"line":66,"column":19},"end":{"line":66,"column":20}},"loc":{"start":{"line":66,"column":28},"end":{"line":68,"column":9}},"line":66},"7":{"name":"(anonymous_7)","decl":{"start":{"line":69,"column":18},"end":{"line":69,"column":19}},"loc":{"start":{"line":69,"column":52},"end":{"line":80,"column":9}},"line":69}},"branchMap":{"0":{"loc":{"start":{"line":39,"column":25},"end":{"line":40,"column":75}},"type":"binary-expr","locations":[{"start":{"line":39,"column":25},"end":{"line":39,"column":38}},{"start":{"line":40,"column":28},"end":{"line":40,"column":75}}],"line":39},"1":{"loc":{"start":{"line":41,"column":25},"end":{"line":42,"column":57}},"type":"binary-expr","locations":[{"start":{"line":41,"column":25},"end":{"line":41,"column":50}},{"start":{"line":42,"column":28},"end":{"line":42,"column":57}}],"line":41},"2":{"loc":{"start":{"line":53,"column":8},"end":{"line":55,"column":74}},"type":"cond-expr","locations":[{"start":{"line":54,"column":14},"end":{"line":54,"column":25}},{"start":{"line":55,"column":14},"end":{"line":55,"column":74}}],"line":53}},"s":{"0":3,"1":5,"2":0,"3":0,"4":3,"5":5,"6":5,"7":5,"8":0,"9":3,"10":5,"11":0,"12":0,"13":0,"14":0},"f":{"0":5,"1":0,"2":0,"3":5,"4":0,"5":5,"6":0,"7":0},"b":{"0":[0,0],"1":[0,0],"2":[1,4]},"_coverageSchema":"332fd63041d2c1bcb487cc26dd0d5f7d97098a6c","hash":"147bceb73dac90ae9fc7aa72b7c627096f95951d"}
,"/home/ryan/projects/git/henboard/client/src/components/views/Backlog.js": {"path":"/home/ryan/projects/git/henboard/client/src/components/views/Backlog.js","statementMap":{"0":{"start":{"line":15,"column":23},"end":{"line":30,"column":1}},"1":{"start":{"line":16,"column":4},"end":{"line":29,"column":6}},"2":{"start":{"line":20,"column":20},"end":{"line":25,"column":26}},"3":{"start":{"line":32,"column":24},"end":{"line":39,"column":1}},"4":{"start":{"line":33,"column":18},"end":{"line":33,"column":51}},"5":{"start":{"line":34,"column":18},"end":{"line":34,"column":58}},"6":{"start":{"line":35,"column":4},"end":{"line":38,"column":6}},"7":{"start":{"line":41,"column":27},"end":{"line":43,"column":1}},"8":{"start":{"line":42,"column":4},"end":{"line":42,"column":14}}},"fnMap":{"0":{"name":"(anonymous_0)","decl":{"start":{"line":15,"column":23},"end":{"line":15,"column":24}},"loc":{"start":{"line":15,"column":47},"end":{"line":30,"column":1}},"line":15},"1":{"name":"(anonymous_1)","decl":{"start":{"line":19,"column":27},"end":{"line":19,"column":28}},"loc":{"start":{"line":20,"column":20},"end":{"line":25,"column":26}},"line":20},"2":{"name":"(anonymous_2)","decl":{"start":{"line":32,"column":24},"end":{"line":32,"column":25}},"loc":{"start":{"line":32,"column":33},"end":{"line":39,"column":1}},"line":32},"3":{"name":"(anonymous_3)","decl":{"start":{"line":41,"column":27},"end":{"line":41,"column":28}},"loc":{"start":{"line":41,"column":39},"end":{"line":43,"column":1}},"line":41}},"branchMap":{},"s":{"0":1,"1":1,"2":1,"3":1,"4":1,"5":1,"6":1,"7":1,"8":1},"f":{"0":1,"1":1,"2":1,"3":1},"b":{},"_coverageSchema":"332fd63041d2c1bcb487cc26dd0d5f7d97098a6c","hash":"1e545a630d9be7f7596ee2cc96e420e8252e2bc3"}
,"/home/ryan/projects/git/henboard/client/src/components/views/Home.js": {"path":"/home/ryan/projects/git/henboard/client/src/components/views/Home.js","statementMap":{"0":{"start":{"line":16,"column":20},"end":{"line":40,"column":1}},"1":{"start":{"line":17,"column":24},"end":{"line":18,"column":57}},"2":{"start":{"line":18,"column":8},"end":{"line":18,"column":57}},"3":{"start":{"line":19,"column":4},"end":{"line":39,"column":6}},"4":{"start":{"line":24,"column":24},"end":{"line":29,"column":30}},"5":{"start":{"line":42,"column":24},"end":{"line":48,"column":1}},"6":{"start":{"line":43,"column":18},"end":{"line":43,"column":51}},"7":{"start":{"line":44,"column":4},"end":{"line":47,"column":6}},"8":{"start":{"line":50,"column":27},"end":{"line":52,"column":1}},"9":{"start":{"line":51,"column":4},"end":{"line":51,"column":14}}},"fnMap":{"0":{"name":"(anonymous_0)","decl":{"start":{"line":16,"column":20},"end":{"line":16,"column":21}},"loc":{"start":{"line":16,"column":44},"end":{"line":40,"column":1}},"line":16},"1":{"name":"(anonymous_1)","decl":{"start":{"line":17,"column":24},"end":{"line":17,"column":25}},"loc":{"start":{"line":18,"column":8},"end":{"line":18,"column":57}},"line":18},"2":{"name":"(anonymous_2)","decl":{"start":{"line":23,"column":31},"end":{"line":23,"column":32}},"loc":{"start":{"line":24,"column":24},"end":{"line":29,"column":30}},"line":24},"3":{"name":"(anonymous_3)","decl":{"start":{"line":42,"column":24},"end":{"line":42,"column":25}},"loc":{"start":{"line":42,"column":33},"end":{"line":48,"column":1}},"line":42},"4":{"name":"(anonymous_4)","decl":{"start":{"line":50,"column":27},"end":{"line":50,"column":28}},"loc":{"start":{"line":50,"column":39},"end":{"line":52,"column":1}},"line":50}},"branchMap":{"0":{"loc":{"start":{"line":18,"column":26},"end":{"line":18,"column":56}},"type":"cond-expr","locations":[{"start":{"line":18,"column":51},"end":{"line":18,"column":52}},{"start":{"line":18,"column":55},"end":{"line":18,"column":56}}],"line":18}},"s":{"0":1,"1":1,"2":3,"3":1,"4":3,"5":1,"6":1,"7":1,"8":1,"9":1},"f":{"0":1,"1":3,"2":3,"3":1,"4":1},"b":{"0":[0,3]},"_coverageSchema":"332fd63041d2c1bcb487cc26dd0d5f7d97098a6c","hash":"7c8f0232e677b19781042c468d91459e70e4c461"}
,"/home/ryan/projects/git/henboard/client/src/components/views/Planning.js": {"path":"/home/ryan/projects/git/henboard/client/src/components/views/Planning.js","statementMap":{"0":{"start":{"line":19,"column":24},"end":{"line":60,"column":1}},"1":{"start":{"line":26,"column":4},"end":{"line":59,"column":6}},"2":{"start":{"line":31,"column":43},"end":{"line":31,"column":67}},"3":{"start":{"line":42,"column":53},"end":{"line":42,"column":77}},"4":{"start":{"line":52,"column":51},"end":{"line":52,"column":69}},"5":{"start":{"line":62,"column":24},"end":{"line":74,"column":1}},"6":{"start":{"line":63,"column":18},"end":{"line":63,"column":51}},"7":{"start":{"line":64,"column":15},"end":{"line":64,"column":55}},"8":{"start":{"line":65,"column":4},"end":{"line":73,"column":6}},"9":{"start":{"line":76,"column":27},"end":{"line":107,"column":1}},"10":{"start":{"line":77,"column":4},"end":{"line":106,"column":6}},"11":{"start":{"line":79,"column":12},"end":{"line":83,"column":14}},"12":{"start":{"line":86,"column":12},"end":{"line":91,"column":14}},"13":{"start":{"line":94,"column":12},"end":{"line":99,"column":14}},"14":{"start":{"line":100,"column":12},"end":{"line":104,"column":14}}},"fnMap":{"0":{"name":"(anonymous_0)","decl":{"start":{"line":19,"column":24},"end":{"line":19,"column":25}},"loc":{"start":{"line":25,"column":6},"end":{"line":60,"column":1}},"line":25},"1":{"name":"(anonymous_1)","decl":{"start":{"line":31,"column":37},"end":{"line":31,"column":38}},"loc":{"start":{"line":31,"column":43},"end":{"line":31,"column":67}},"line":31},"2":{"name":"(anonymous_2)","decl":{"start":{"line":42,"column":44},"end":{"line":42,"column":45}},"loc":{"start":{"line":42,"column":53},"end":{"line":42,"column":77}},"line":42},"3":{"name":"(anonymous_3)","decl":{"start":{"line":52,"column":45},"end":{"line":52,"column":46}},"loc":{"start":{"line":52,"column":51},"end":{"line":52,"column":69}},"line":52},"4":{"name":"(anonymous_4)","decl":{"start":{"line":62,"column":24},"end":{"line":62,"column":25}},"loc":{"start":{"line":62,"column":45},"end":{"line":74,"column":1}},"line":62},"5":{"name":"(anonymous_5)","decl":{"start":{"line":76,"column":27},"end":{"line":76,"column":28}},"loc":{"start":{"line":76,"column":51},"end":{"line":107,"column":1}},"line":76},"6":{"name":"(anonymous_6)","decl":{"start":{"line":78,"column":28},"end":{"line":78,"column":29}},"loc":{"start":{"line":78,"column":36},"end":{"line":84,"column":9}},"line":78},"7":{"name":"(anonymous_7)","decl":{"start":{"line":85,"column":21},"end":{"line":85,"column":22}},"loc":{"start":{"line":85,"column":38},"end":{"line":92,"column":9}},"line":85},"8":{"name":"(anonymous_8)","decl":{"start":{"line":93,"column":22},"end":{"line":93,"column":23}},"loc":{"start":{"line":93,"column":30},"end":{"line":105,"column":9}},"line":93}},"branchMap":{"0":{"loc":{"start":{"line":38,"column":25},"end":{"line":46,"column":35}},"type":"cond-expr","locations":[{"start":{"line":39,"column":30},"end":{"line":43,"column":32}},{"start":{"line":44,"column":30},"end":{"line":46,"column":35}}],"line":38},"1":{"loc":{"start":{"line":49,"column":17},"end":{"line":56,"column":26}},"type":"binary-expr","locations":[{"start":{"line":49,"column":17},"end":{"line":49,"column":29}},{"start":{"line":50,"column":20},"end":{"line":56,"column":26}}],"line":49}},"s":{"0":1,"1":1,"2":0,"3":0,"4":0,"5":1,"6":1,"7":1,"8":1,"9":1,"10":1,"11":0,"12":0,"13":0,"14":0},"f":{"0":1,"1":0,"2":0,"3":0,"4":1,"5":1,"6":0,"7":0,"8":0},"b":{"0":[0,1],"1":[1,0]},"_coverageSchema":"332fd63041d2c1bcb487cc26dd0d5f7d97098a6c","hash":"d5f22a087febadfd1567dcaec2b178eb6dd08687"}
,"/home/ryan/projects/git/henboard/client/src/components/views/Settings.js": {"path":"/home/ryan/projects/git/henboard/client/src/components/views/Settings.js","statementMap":{"0":{"start":{"line":14,"column":24},"end":{"line":29,"column":1}},"1":{"start":{"line":15,"column":4},"end":{"line":28,"column":6}},"2":{"start":{"line":31,"column":24},"end":{"line":38,"column":1}},"3":{"start":{"line":32,"column":18},"end":{"line":32,"column":51}},"4":{"start":{"line":33,"column":17},"end":{"line":33,"column":65}},"5":{"start":{"line":34,"column":4},"end":{"line":37,"column":6}},"6":{"start":{"line":40,"column":27},"end":{"line":42,"column":1}},"7":{"start":{"line":41,"column":4},"end":{"line":41,"column":14}}},"fnMap":{"0":{"name":"(anonymous_0)","decl":{"start":{"line":14,"column":24},"end":{"line":14,"column":25}},"loc":{"start":{"line":14,"column":47},"end":{"line":29,"column":1}},"line":14},"1":{"name":"(anonymous_1)","decl":{"start":{"line":31,"column":24},"end":{"line":31,"column":25}},"loc":{"start":{"line":31,"column":45},"end":{"line":38,"column":1}},"line":31},"2":{"name":"(anonymous_2)","decl":{"start":{"line":40,"column":27},"end":{"line":40,"column":28}},"loc":{"start":{"line":40,"column":51},"end":{"line":42,"column":1}},"line":40}},"branchMap":{},"s":{"0":1,"1":1,"2":1,"3":1,"4":1,"5":1,"6":1,"7":1},"f":{"0":1,"1":1,"2":1},"b":{},"_coverageSchema":"332fd63041d2c1bcb487cc26dd0d5f7d97098a6c","hash":"f94393684d748b7787adf5585ee2ce69dd7efaea"}
,"/home/ryan/projects/git/henboard/client/src/models/info.js": {"path":"/home/ryan/projects/git/henboard/client/src/models/info.js","statementMap":{"0":{"start":{"line":1,"column":13},"end":{"line":1,"column":15}},"1":{"start":{"line":3,"column":0},"end":{"line":3,"column":43}},"2":{"start":{"line":5,"column":0},"end":{"line":5,"column":48}},"3":{"start":{"line":7,"column":0},"end":{"line":12,"column":2}},"4":{"start":{"line":14,"column":0},"end":{"line":14,"column":23}},"5":{"start":{"line":16,"column":0},"end":{"line":20,"column":2}},"6":{"start":{"line":17,"column":4},"end":{"line":19,"column":6}},"7":{"start":{"line":18,"column":16},"end":{"line":18,"column":62}}},"fnMap":{"0":{"name":"(anonymous_0)","decl":{"start":{"line":16,"column":20},"end":{"line":16,"column":21}},"loc":{"start":{"line":16,"column":51},"end":{"line":20,"column":1}},"line":16},"1":{"name":"(anonymous_1)","decl":{"start":{"line":18,"column":8},"end":{"line":18,"column":9}},"loc":{"start":{"line":18,"column":16},"end":{"line":18,"column":62}},"line":18}},"branchMap":{"0":{"loc":{"start":{"line":18,"column":16},"end":{"line":18,"column":62}},"type":"binary-expr","locations":[{"start":{"line":18,"column":16},"end":{"line":18,"column":40}},{"start":{"line":18,"column":44},"end":{"line":18,"column":62}}],"line":18}},"s":{"0":18,"1":18,"2":18,"3":18,"4":18,"5":18,"6":1,"7":0},"f":{"0":1,"1":0},"b":{"0":[0,0]},"_coverageSchema":"332fd63041d2c1bcb487cc26dd0d5f7d97098a6c","hash":"fd74045545f05d172bfd6b478f10e02feef77662"}
,"/home/ryan/projects/git/henboard/client/src/models/items.js": {"path":"/home/ryan/projects/git/henboard/client/src/models/items.js","statementMap":{"0":{"start":{"line":1,"column":14},"end":{"line":1,"column":16}},"1":{"start":{"line":3,"column":0},"end":{"line":11,"column":2}},"2":{"start":{"line":13,"column":0},"end":{"line":13,"column":40}},"3":{"start":{"line":15,"column":0},"end":{"line":20,"column":2}},"4":{"start":{"line":22,"column":0},"end":{"line":22,"column":24}},"5":{"start":{"line":24,"column":0},"end":{"line":28,"column":2}},"6":{"start":{"line":25,"column":4},"end":{"line":27,"column":12}},"7":{"start":{"line":26,"column":16},"end":{"line":26,"column":62}},"8":{"start":{"line":30,"column":0},"end":{"line":34,"column":2}},"9":{"start":{"line":31,"column":4},"end":{"line":33,"column":6}},"10":{"start":{"line":32,"column":16},"end":{"line":32,"column":62}}},"fnMap":{"0":{"name":"(anonymous_0)","decl":{"start":{"line":24,"column":16},"end":{"line":24,"column":17}},"loc":{"start":{"line":24,"column":47},"end":{"line":28,"column":1}},"line":24},"1":{"name":"(anonymous_1)","decl":{"start":{"line":26,"column":8},"end":{"line":26,"column":9}},"loc":{"start":{"line":26,"column":16},"end":{"line":26,"column":62}},"line":26},"2":{"name":"(anonymous_2)","decl":{"start":{"line":30,"column":25},"end":{"line":30,"column":26}},"loc":{"start":{"line":30,"column":56},"end":{"line":34,"column":1}},"line":30},"3":{"name":"(anonymous_3)","decl":{"start":{"line":32,"column":8},"end":{"line":32,"column":9}},"loc":{"start":{"line":32,"column":16},"end":{"line":32,"column":62}},"line":32}},"branchMap":{"0":{"loc":{"start":{"line":25,"column":11},"end":{"line":27,"column":11}},"type":"binary-expr","locations":[{"start":{"line":25,"column":11},"end":{"line":27,"column":5}},{"start":{"line":27,"column":9},"end":{"line":27,"column":11}}],"line":25},"1":{"loc":{"start":{"line":26,"column":16},"end":{"line":26,"column":62}},"type":"binary-expr","locations":[{"start":{"line":26,"column":16},"end":{"line":26,"column":40}},{"start":{"line":26,"column":44},"end":{"line":26,"column":62}}],"line":26},"2":{"loc":{"start":{"line":32,"column":16},"end":{"line":32,"column":62}},"type":"binary-expr","locations":[{"start":{"line":32,"column":16},"end":{"line":32,"column":40}},{"start":{"line":32,"column":44},"end":{"line":32,"column":62}}],"line":32}},"s":{"0":18,"1":18,"2":18,"3":18,"4":18,"5":18,"6":3,"7":0,"8":18,"9":4,"10":0},"f":{"0":3,"1":0,"2":4,"3":0},"b":{"0":[3,3],"1":[0,0],"2":[0,0]},"_coverageSchema":"332fd63041d2c1bcb487cc26dd0d5f7d97098a6c","hash":"60a9849a70305fa765218b20677dc1eb632aa677"}
,"/home/ryan/projects/git/henboard/client/src/models/lanes.js": {"path":"/home/ryan/projects/git/henboard/client/src/models/lanes.js","statementMap":{"0":{"start":{"line":1,"column":14},"end":{"line":1,"column":16}},"1":{"start":{"line":3,"column":0},"end":{"line":3,"column":57}},"2":{"start":{"line":5,"column":0},"end":{"line":5,"column":42}},"3":{"start":{"line":7,"column":0},"end":{"line":12,"column":2}},"4":{"start":{"line":14,"column":0},"end":{"line":18,"column":2}},"5":{"start":{"line":15,"column":4},"end":{"line":17,"column":6}},"6":{"start":{"line":16,"column":16},"end":{"line":16,"column":66}},"7":{"start":{"line":20,"column":0},"end":{"line":24,"column":2}},"8":{"start":{"line":21,"column":4},"end":{"line":23,"column":6}},"9":{"start":{"line":22,"column":16},"end":{"line":22,"column":69}},"10":{"start":{"line":25,"column":0},"end":{"line":29,"column":2}},"11":{"start":{"line":26,"column":4},"end":{"line":28,"column":6}},"12":{"start":{"line":27,"column":16},"end":{"line":27,"column":69}}},"fnMap":{"0":{"name":"(anonymous_0)","decl":{"start":{"line":14,"column":16},"end":{"line":14,"column":17}},"loc":{"start":{"line":14,"column":49},"end":{"line":18,"column":1}},"line":14},"1":{"name":"(anonymous_1)","decl":{"start":{"line":16,"column":8},"end":{"line":16,"column":9}},"loc":{"start":{"line":16,"column":16},"end":{"line":16,"column":66}},"line":16},"2":{"name":"(anonymous_2)","decl":{"start":{"line":20,"column":17},"end":{"line":20,"column":18}},"loc":{"start":{"line":20,"column":42},"end":{"line":24,"column":1}},"line":20},"3":{"name":"(anonymous_3)","decl":{"start":{"line":22,"column":8},"end":{"line":22,"column":9}},"loc":{"start":{"line":22,"column":16},"end":{"line":22,"column":69}},"line":22},"4":{"name":"(anonymous_4)","decl":{"start":{"line":25,"column":19},"end":{"line":25,"column":20}},"loc":{"start":{"line":25,"column":44},"end":{"line":29,"column":1}},"line":25},"5":{"name":"(anonymous_5)","decl":{"start":{"line":27,"column":8},"end":{"line":27,"column":9}},"loc":{"start":{"line":27,"column":16},"end":{"line":27,"column":69}},"line":27}},"branchMap":{"0":{"loc":{"start":{"line":16,"column":16},"end":{"line":16,"column":66}},"type":"binary-expr","locations":[{"start":{"line":16,"column":16},"end":{"line":16,"column":40}},{"start":{"line":16,"column":44},"end":{"line":16,"column":66}}],"line":16},"1":{"loc":{"start":{"line":22,"column":16},"end":{"line":22,"column":69}},"type":"binary-expr","locations":[{"start":{"line":22,"column":16},"end":{"line":22,"column":40}},{"start":{"line":22,"column":44},"end":{"line":22,"column":69}}],"line":22},"2":{"loc":{"start":{"line":27,"column":16},"end":{"line":27,"column":69}},"type":"binary-expr","locations":[{"start":{"line":27,"column":16},"end":{"line":27,"column":40}},{"start":{"line":27,"column":44},"end":{"line":27,"column":69}}],"line":27}},"s":{"0":17,"1":17,"2":17,"3":17,"4":17,"5":6,"6":12,"7":17,"8":1,"9":4,"10":17,"11":1,"12":4},"f":{"0":6,"1":12,"2":1,"3":4,"4":1,"5":4},"b":{"0":[12,12],"1":[4,4],"2":[4,4]},"_coverageSchema":"332fd63041d2c1bcb487cc26dd0d5f7d97098a6c","hash":"4076df9c09403c2dced2f2104ce3c331b963d1e2"}
,"/home/ryan/projects/git/henboard/client/src/models/models.js": {"path":"/home/ryan/projects/git/henboard/client/src/models/models.js","statementMap":{"0":{"start":{"line":8,"column":15},"end":{"line":8,"column":17}},"1":{"start":{"line":10,"column":0},"end":{"line":10,"column":27}},"2":{"start":{"line":11,"column":0},"end":{"line":11,"column":25}},"3":{"start":{"line":12,"column":0},"end":{"line":12,"column":21}},"4":{"start":{"line":13,"column":0},"end":{"line":13,"column":21}},"5":{"start":{"line":14,"column":0},"end":{"line":14,"column":19}},"6":{"start":{"line":15,"column":0},"end":{"line":15,"column":27}}},"fnMap":{},"branchMap":{},"s":{"0":17,"1":17,"2":17,"3":17,"4":17,"5":17,"6":17},"f":{},"b":{},"_coverageSchema":"332fd63041d2c1bcb487cc26dd0d5f7d97098a6c","hash":"d640d8cbd5cb2035c595fb763dd2c90f0a7190aa"}
,"/home/ryan/projects/git/henboard/client/src/models/planning.js": {"path":"/home/ryan/projects/git/henboard/client/src/models/planning.js","statementMap":{"0":{"start":{"line":1,"column":17},"end":{"line":1,"column":19}},"1":{"start":{"line":3,"column":0},"end":{"line":3,"column":70}},"2":{"start":{"line":5,"column":0},"end":{"line":5,"column":55}},"3":{"start":{"line":7,"column":0},"end":{"line":7,"column":25}},"4":{"start":{"line":9,"column":0},"end":{"line":11,"column":2}},"5":{"start":{"line":10,"column":4},"end":{"line":10,"column":71}},"6":{"start":{"line":10,"column":39},"end":{"line":10,"column":63}}},"fnMap":{"0":{"name":"(anonymous_0)","decl":{"start":{"line":9,"column":19},"end":{"line":9,"column":20}},"loc":{"start":{"line":9,"column":44},"end":{"line":11,"column":1}},"line":9},"1":{"name":"(anonymous_1)","decl":{"start":{"line":10,"column":31},"end":{"line":10,"column":32}},"loc":{"start":{"line":10,"column":39},"end":{"line":10,"column":63}},"line":10}},"branchMap":{"0":{"loc":{"start":{"line":10,"column":11},"end":{"line":10,"column":70}},"type":"binary-expr","locations":[{"start":{"line":10,"column":11},"end":{"line":10,"column":64}},{"start":{"line":10,"column":68},"end":{"line":10,"column":70}}],"line":10}},"s":{"0":17,"1":17,"2":17,"3":17,"4":17,"5":1,"6":1},"f":{"0":1,"1":1},"b":{"0":[1,0]},"_coverageSchema":"332fd63041d2c1bcb487cc26dd0d5f7d97098a6c","hash":"f20db33e13ef08e638f5216a4cbd990490a71194"}
,"/home/ryan/projects/git/henboard/client/src/models/projects.js": {"path":"/home/ryan/projects/git/henboard/client/src/models/projects.js","statementMap":{"0":{"start":{"line":3,"column":17},"end":{"line":3,"column":19}},"1":{"start":{"line":5,"column":0},"end":{"line":5,"column":41}},"2":{"start":{"line":7,"column":0},"end":{"line":7,"column":35}},"3":{"start":{"line":9,"column":0},"end":{"line":14,"column":2}},"4":{"start":{"line":16,"column":0},"end":{"line":18,"column":2}},"5":{"start":{"line":17,"column":4},"end":{"line":17,"column":74}},"6":{"start":{"line":17,"column":42},"end":{"line":17,"column":66}}},"fnMap":{"0":{"name":"(anonymous_0)","decl":{"start":{"line":16,"column":29},"end":{"line":16,"column":30}},"loc":{"start":{"line":16,"column":45},"end":{"line":18,"column":1}},"line":16},"1":{"name":"(anonymous_1)","decl":{"start":{"line":17,"column":31},"end":{"line":17,"column":32}},"loc":{"start":{"line":17,"column":42},"end":{"line":17,"column":66}},"line":17}},"branchMap":{"0":{"loc":{"start":{"line":17,"column":11},"end":{"line":17,"column":73}},"type":"binary-expr","locations":[{"start":{"line":17,"column":11},"end":{"line":17,"column":67}},{"start":{"line":17,"column":71},"end":{"line":17,"column":73}}],"line":17}},"s":{"0":18,"1":18,"2":18,"3":18,"4":18,"5":19,"6":19},"f":{"0":19,"1":19},"b":{"0":[19,0]},"_coverageSchema":"332fd63041d2c1bcb487cc26dd0d5f7d97098a6c","hash":"fd7489dfa59bde70170211c4fff1445fdfb7eb57"}
,"/home/ryan/projects/git/henboard/client/src/models/sprints.js": {"path":"/home/ryan/projects/git/henboard/client/src/models/sprints.js","statementMap":{"0":{"start":{"line":1,"column":16},"end":{"line":1,"column":18}},"1":{"start":{"line":3,"column":0},"end":{"line":3,"column":48}},"2":{"start":{"line":5,"column":0},"end":{"line":5,"column":42}},"3":{"start":{"line":7,"column":0},"end":{"line":11,"column":2}},"4":{"start":{"line":13,"column":0},"end":{"line":15,"column":2}},"5":{"start":{"line":14,"column":4},"end":{"line":14,"column":71}},"6":{"start":{"line":14,"column":40},"end":{"line":14,"column":63}},"7":{"start":{"line":17,"column":0},"end":{"line":19,"column":2}},"8":{"start":{"line":18,"column":4},"end":{"line":18,"column":70}},"9":{"start":{"line":18,"column":42},"end":{"line":18,"column":68}}},"fnMap":{"0":{"name":"(anonymous_0)","decl":{"start":{"line":13,"column":27},"end":{"line":13,"column":28}},"loc":{"start":{"line":13,"column":43},"end":{"line":15,"column":1}},"line":13},"1":{"name":"(anonymous_1)","decl":{"start":{"line":14,"column":30},"end":{"line":14,"column":31}},"loc":{"start":{"line":14,"column":40},"end":{"line":14,"column":63}},"line":14},"2":{"name":"(anonymous_2)","decl":{"start":{"line":17,"column":25},"end":{"line":17,"column":26}},"loc":{"start":{"line":17,"column":50},"end":{"line":19,"column":1}},"line":17},"3":{"name":"(anonymous_3)","decl":{"start":{"line":18,"column":32},"end":{"line":18,"column":33}},"loc":{"start":{"line":18,"column":42},"end":{"line":18,"column":68}},"line":18}},"branchMap":{"0":{"loc":{"start":{"line":14,"column":11},"end":{"line":14,"column":70}},"type":"binary-expr","locations":[{"start":{"line":14,"column":11},"end":{"line":14,"column":64}},{"start":{"line":14,"column":68},"end":{"line":14,"column":70}}],"line":14}},"s":{"0":17,"1":17,"2":17,"3":17,"4":17,"5":16,"6":16,"7":17,"8":2,"9":2},"f":{"0":16,"1":16,"2":2,"3":2},"b":{"0":[16,0]},"_coverageSchema":"332fd63041d2c1bcb487cc26dd0d5f7d97098a6c","hash":"eac92d53aed29b37269f753577cd6d1ecf783f9d"}
,"/home/ryan/projects/git/henboard/client/src/reducers/index.js": {"path":"/home/ryan/projects/git/henboard/client/src/reducers/index.js","statementMap":{"0":{"start":{"line":13,"column":20},"end":{"line":21,"column":2}}},"fnMap":{},"branchMap":{},"s":{"0":17},"f":{},"b":{},"_coverageSchema":"332fd63041d2c1bcb487cc26dd0d5f7d97098a6c","hash":"886eef1ed2734211ae978025835cb1c4618ff92a"}
,"/home/ryan/projects/git/henboard/client/src/reducers/info.js": {"path":"/home/ryan/projects/git/henboard/client/src/reducers/info.js","statementMap":{"0":{"start":{"line":5,"column":4},"end":{"line":36,"column":5}},"1":{"start":{"line":7,"column":12},"end":{"line":7,"column":31}},"2":{"start":{"line":9,"column":12},"end":{"line":16,"column":14}},"3":{"start":{"line":18,"column":12},"end":{"line":25,"column":14}},"4":{"start":{"line":20,"column":20},"end":{"line":24,"column":21}},"5":{"start":{"line":27,"column":12},"end":{"line":33,"column":14}},"6":{"start":{"line":29,"column":20},"end":{"line":32,"column":21}},"7":{"start":{"line":35,"column":12},"end":{"line":35,"column":25}}},"fnMap":{"0":{"name":"info","decl":{"start":{"line":4,"column":9},"end":{"line":4,"column":13}},"loc":{"start":{"line":4,"column":34},"end":{"line":37,"column":1}},"line":4},"1":{"name":"(anonymous_1)","decl":{"start":{"line":19,"column":16},"end":{"line":19,"column":17}},"loc":{"start":{"line":20,"column":20},"end":{"line":24,"column":21}},"line":20},"2":{"name":"(anonymous_2)","decl":{"start":{"line":28,"column":16},"end":{"line":28,"column":17}},"loc":{"start":{"line":29,"column":20},"end":{"line":32,"column":21}},"line":29}},"branchMap":{"0":{"loc":{"start":{"line":4,"column":14},"end":{"line":4,"column":24}},"type":"default-arg","locations":[{"start":{"line":4,"column":22},"end":{"line":4,"column":24}}],"line":4},"1":{"loc":{"start":{"line":5,"column":4},"end":{"line":36,"column":5}},"type":"switch","locations":[{"start":{"line":6,"column":8},"end":{"line":7,"column":31}},{"start":{"line":8,"column":8},"end":{"line":16,"column":14}},{"start":{"line":17,"column":8},"end":{"line":25,"column":14}},{"start":{"line":26,"column":8},"end":{"line":33,"column":14}},{"start":{"line":34,"column":8},"end":{"line":35,"column":25}}],"line":5},"2":{"loc":{"start":{"line":21,"column":24},"end":{"line":23,"column":51}},"type":"binary-expr","locations":[{"start":{"line":21,"column":24},"end":{"line":21,"column":55}},{"start":{"line":22,"column":24},"end":{"line":22,"column":49}},{"start":{"line":23,"column":24},"end":{"line":23,"column":51}}],"line":21},"3":{"loc":{"start":{"line":30,"column":24},"end":{"line":31,"column":49}},"type":"binary-expr","locations":[{"start":{"line":30,"column":24},"end":{"line":30,"column":55}},{"start":{"line":31,"column":24},"end":{"line":31,"column":49}}],"line":30}},"s":{"0":55,"1":1,"2":1,"3":1,"4":1,"5":0,"6":0,"7":52},"f":{"0":55,"1":1,"2":0},"b":{"0":[50],"1":[1,1,1,0,52],"2":[1,1,1],"3":[0,0]},"_coverageSchema":"332fd63041d2c1bcb487cc26dd0d5f7d97098a6c","hash":"bd55134d1888cc406913610aa1433ea97a6bbf33"}
,"/home/ryan/projects/git/henboard/client/src/reducers/items.js": {"path":"/home/ryan/projects/git/henboard/client/src/reducers/items.js","statementMap":{"0":{"start":{"line":14,"column":4},"end":{"line":80,"column":5}},"1":{"start":{"line":16,"column":12},"end":{"line":16,"column":32}},"2":{"start":{"line":18,"column":12},"end":{"line":23,"column":15}},"3":{"start":{"line":19,"column":16},"end":{"line":22,"column":27}},"4":{"start":{"line":25,"column":12},"end":{"line":30,"column":15}},"5":{"start":{"line":26,"column":16},"end":{"line":29,"column":27}},"6":{"start":{"line":32,"column":12},"end":{"line":43,"column":14}},"7":{"start":{"line":45,"column":12},"end":{"line":51,"column":14}},"8":{"start":{"line":47,"column":20},"end":{"line":50,"column":21}},"9":{"start":{"line":53,"column":12},"end":{"line":62,"column":15}},"10":{"start":{"line":54,"column":16},"end":{"line":61,"column":25}},"11":{"start":{"line":64,"column":12},"end":{"line":70,"column":15}},"12":{"start":{"line":65,"column":16},"end":{"line":69,"column":71}},"13":{"start":{"line":72,"column":12},"end":{"line":77,"column":15}},"14":{"start":{"line":73,"column":16},"end":{"line":76,"column":27}},"15":{"start":{"line":79,"column":12},"end":{"line":79,"column":25}}},"fnMap":{"0":{"name":"items","decl":{"start":{"line":13,"column":9},"end":{"line":13,"column":14}},"loc":{"start":{"line":13,"column":35},"end":{"line":81,"column":1}},"line":13},"1":{"name":"(anonymous_1)","decl":{"start":{"line":18,"column":29},"end":{"line":18,"column":30}},"loc":{"start":{"line":18,"column":37},"end":{"line":23,"column":13}},"line":18},"2":{"name":"(anonymous_2)","decl":{"start":{"line":25,"column":29},"end":{"line":25,"column":30}},"loc":{"start":{"line":25,"column":37},"end":{"line":30,"column":13}},"line":25},"3":{"name":"(anonymous_3)","decl":{"start":{"line":46,"column":16},"end":{"line":46,"column":17}},"loc":{"start":{"line":47,"column":20},"end":{"line":50,"column":21}},"line":47},"4":{"name":"(anonymous_4)","decl":{"start":{"line":53,"column":29},"end":{"line":53,"column":30}},"loc":{"start":{"line":53,"column":37},"end":{"line":62,"column":13}},"line":53},"5":{"name":"(anonymous_5)","decl":{"start":{"line":64,"column":29},"end":{"line":64,"column":30}},"loc":{"start":{"line":64,"column":37},"end":{"line":70,"column":13}},"line":64},"6":{"name":"(anonymous_6)","decl":{"start":{"line":72,"column":29},"end":{"line":72,"column":30}},"loc":{"start":{"line":72,"column":37},"end":{"line":77,"column":13}},"line":72}},"branchMap":{"0":{"loc":{"start":{"line":13,"column":15},"end":{"line":13,"column":25}},"type":"default-arg","locations":[{"start":{"line":13,"column":23},"end":{"line":13,"column":25}}],"line":13},"1":{"loc":{"start":{"line":14,"column":4},"end":{"line":80,"column":5}},"type":"switch","locations":[{"start":{"line":15,"column":8},"end":{"line":16,"column":32}},{"start":{"line":17,"column":8},"end":{"line":23,"column":15}},{"start":{"line":24,"column":8},"end":{"line":30,"column":15}},{"start":{"line":31,"column":8},"end":{"line":43,"column":14}},{"start":{"line":44,"column":8},"end":{"line":51,"column":14}},{"start":{"line":52,"column":8},"end":{"line":62,"column":15}},{"start":{"line":63,"column":8},"end":{"line":70,"column":15}},{"start":{"line":71,"column":8},"end":{"line":77,"column":15}},{"start":{"line":78,"column":8},"end":{"line":79,"column":25}}],"line":14},"2":{"loc":{"start":{"line":19,"column":23},"end":{"line":22,"column":26}},"type":"cond-expr","locations":[{"start":{"line":21,"column":22},"end":{"line":21,"column":65}},{"start":{"line":22,"column":22},"end":{"line":22,"column":26}}],"line":19},"3":{"loc":{"start":{"line":19,"column":23},"end":{"line":20,"column":41}},"type":"binary-expr","locations":[{"start":{"line":19,"column":23},"end":{"line":19,"column":54}},{"start":{"line":20,"column":16},"end":{"line":20,"column":41}}],"line":19},"4":{"loc":{"start":{"line":26,"column":23},"end":{"line":29,"column":26}},"type":"cond-expr","locations":[{"start":{"line":28,"column":22},"end":{"line":28,"column":66}},{"start":{"line":29,"column":22},"end":{"line":29,"column":26}}],"line":26},"5":{"loc":{"start":{"line":26,"column":23},"end":{"line":27,"column":41}},"type":"binary-expr","locations":[{"start":{"line":26,"column":23},"end":{"line":26,"column":54}},{"start":{"line":27,"column":16},"end":{"line":27,"column":41}}],"line":26},"6":{"loc":{"start":{"line":48,"column":24},"end":{"line":49,"column":49}},"type":"binary-expr","locations":[{"start":{"line":48,"column":24},"end":{"line":48,"column":55}},{"start":{"line":49,"column":24},"end":{"line":49,"column":49}}],"line":48},"7":{"loc":{"start":{"line":54,"column":23},"end":{"line":61,"column":24}},"type":"cond-expr","locations":[{"start":{"line":57,"column":22},"end":{"line":57,"column":26}},{"start":{"line":58,"column":22},"end":{"line":61,"column":24}}],"line":54},"8":{"loc":{"start":{"line":55,"column":20},"end":{"line":55,"column":80}},"type":"binary-expr","locations":[{"start":{"line":55,"column":20},"end":{"line":55,"column":51}},{"start":{"line":55,"column":55},"end":{"line":55,"column":80}}],"line":55},"9":{"loc":{"start":{"line":65,"column":23},"end":{"line":69,"column":70}},"type":"cond-expr","locations":[{"start":{"line":68,"column":22},"end":{"line":68,"column":26}},{"start":{"line":69,"column":22},"end":{"line":69,"column":70}}],"line":65},"10":{"loc":{"start":{"line":66,"column":20},"end":{"line":66,"column":80}},"type":"binary-expr","locations":[{"start":{"line":66,"column":20},"end":{"line":66,"column":51}},{"start":{"line":66,"column":55},"end":{"line":66,"column":80}}],"line":66},"11":{"loc":{"start":{"line":73,"column":23},"end":{"line":76,"column":26}},"type":"cond-expr","locations":[{"start":{"line":75,"column":22},"end":{"line":75,"column":73}},{"start":{"line":76,"column":22},"end":{"line":76,"column":26}}],"line":73},"12":{"loc":{"start":{"line":73,"column":23},"end":{"line":74,"column":41}},"type":"binary-expr","locations":[{"start":{"line":73,"column":23},"end":{"line":73,"column":54}},{"start":{"line":74,"column":16},"end":{"line":74,"column":41}}],"line":73}},"s":{"0":60,"1":1,"2":1,"3":1,"4":1,"5":1,"6":1,"7":1,"8":1,"9":1,"10":1,"11":1,"12":1,"13":0,"14":0,"15":53},"f":{"0":60,"1":1,"2":1,"3":1,"4":1,"5":1,"6":0},"b":{"0":[50],"1":[1,1,1,1,1,1,1,0,53],"2":[1,0],"3":[1,1],"4":[1,0],"5":[1,1],"6":[1,1],"7":[0,1],"8":[1,1],"9":[0,1],"10":[1,1],"11":[0,0],"12":[0,0]},"_coverageSchema":"332fd63041d2c1bcb487cc26dd0d5f7d97098a6c","hash":"72eb0a6bd24630a206b7e0846ed5d7cf6a27762d"}
,"/home/ryan/projects/git/henboard/client/src/reducers/lanes.js": {"path":"/home/ryan/projects/git/henboard/client/src/reducers/lanes.js","statementMap":{"0":{"start":{"line":9,"column":28},"end":{"line":14,"column":1}},"1":{"start":{"line":17,"column":4},"end":{"line":46,"column":5}},"2":{"start":{"line":19,"column":12},"end":{"line":19,"column":32}},"3":{"start":{"line":21,"column":12},"end":{"line":29,"column":14}},"4":{"start":{"line":31,"column":12},"end":{"line":36,"column":15}},"5":{"start":{"line":32,"column":16},"end":{"line":35,"column":27}},"6":{"start":{"line":38,"column":12},"end":{"line":43,"column":15}},"7":{"start":{"line":39,"column":16},"end":{"line":42,"column":27}},"8":{"start":{"line":45,"column":12},"end":{"line":45,"column":25}}},"fnMap":{"0":{"name":"lanes","decl":{"start":{"line":16,"column":9},"end":{"line":16,"column":14}},"loc":{"start":{"line":16,"column":45},"end":{"line":47,"column":1}},"line":16},"1":{"name":"(anonymous_1)","decl":{"start":{"line":31,"column":29},"end":{"line":31,"column":30}},"loc":{"start":{"line":31,"column":37},"end":{"line":36,"column":13}},"line":31},"2":{"name":"(anonymous_2)","decl":{"start":{"line":38,"column":29},"end":{"line":38,"column":30}},"loc":{"start":{"line":38,"column":37},"end":{"line":43,"column":13}},"line":38}},"branchMap":{"0":{"loc":{"start":{"line":16,"column":15},"end":{"line":16,"column":35}},"type":"default-arg","locations":[{"start":{"line":16,"column":23},"end":{"line":16,"column":35}}],"line":16},"1":{"loc":{"start":{"line":17,"column":4},"end":{"line":46,"column":5}},"type":"switch","locations":[{"start":{"line":18,"column":8},"end":{"line":19,"column":32}},{"start":{"line":20,"column":8},"end":{"line":29,"column":14}},{"start":{"line":30,"column":8},"end":{"line":36,"column":15}},{"start":{"line":37,"column":8},"end":{"line":43,"column":15}},{"start":{"line":44,"column":8},"end":{"line":45,"column":25}}],"line":17},"2":{"loc":{"start":{"line":32,"column":23},"end":{"line":35,"column":26}},"type":"cond-expr","locations":[{"start":{"line":34,"column":22},"end":{"line":34,"column":73}},{"start":{"line":35,"column":22},"end":{"line":35,"column":26}}],"line":32},"3":{"loc":{"start":{"line":32,"column":23},"end":{"line":33,"column":45}},"type":"binary-expr","locations":[{"start":{"line":32,"column":23},"end":{"line":32,"column":54}},{"start":{"line":33,"column":16},"end":{"line":33,"column":45}}],"line":32},"4":{"loc":{"start":{"line":39,"column":23},"end":{"line":42,"column":26}},"type":"cond-expr","locations":[{"start":{"line":41,"column":22},"end":{"line":41,"column":70}},{"start":{"line":42,"column":22},"end":{"line":42,"column":26}}],"line":39},"5":{"loc":{"start":{"line":39,"column":23},"end":{"line":40,"column":45}},"type":"binary-expr","locations":[{"start":{"line":39,"column":23},"end":{"line":39,"column":54}},{"start":{"line":40,"column":16},"end":{"line":40,"column":45}}],"line":39}},"s":{"0":18,"1":57,"2":1,"3":1,"4":1,"5":1,"6":1,"7":1,"8":53},"f":{"0":57,"1":1,"2":1},"b":{"0":[50],"1":[1,1,1,1,53],"2":[1,0],"3":[1,1],"4":[1,0],"5":[1,1]},"_coverageSchema":"332fd63041d2c1bcb487cc26dd0d5f7d97098a6c","hash":"dcf6bbc526246dd6ef7212742cbff3216909b7af"}
,"/home/ryan/projects/git/henboard/client/src/reducers/messages.js": {"path":"/home/ryan/projects/git/henboard/client/src/reducers/messages.js","statementMap":{"0":{"start":{"line":8,"column":4},"end":{"line":15,"column":5}},"1":{"start":{"line":10,"column":12},"end":{"line":10,"column":35}},"2":{"start":{"line":12,"column":12},"end":{"line":12,"column":22}},"3":{"start":{"line":14,"column":12},"end":{"line":14,"column":25}}},"fnMap":{"0":{"name":"messages","decl":{"start":{"line":7,"column":9},"end":{"line":7,"column":17}},"loc":{"start":{"line":7,"column":38},"end":{"line":16,"column":1}},"line":7}},"branchMap":{"0":{"loc":{"start":{"line":7,"column":18},"end":{"line":7,"column":28}},"type":"default-arg","locations":[{"start":{"line":7,"column":26},"end":{"line":7,"column":28}}],"line":7},"1":{"loc":{"start":{"line":8,"column":4},"end":{"line":15,"column":5}},"type":"switch","locations":[{"start":{"line":9,"column":8},"end":{"line":10,"column":35}},{"start":{"line":11,"column":8},"end":{"line":12,"column":22}},{"start":{"line":13,"column":8},"end":{"line":14,"column":25}}],"line":8}},"s":{"0":55,"1":1,"2":1,"3":53},"f":{"0":55},"b":{"0":[50],"1":[1,1,53]},"_coverageSchema":"332fd63041d2c1bcb487cc26dd0d5f7d97098a6c","hash":"196ff1045c0afba1a5a9529c9dac6f861d3c37c9"}
,"/home/ryan/projects/git/henboard/client/src/reducers/planning.js": {"path":"/home/ryan/projects/git/henboard/client/src/reducers/planning.js","statementMap":{"0":{"start":{"line":11,"column":28},"end":{"line":18,"column":1}},"1":{"start":{"line":21,"column":4},"end":{"line":46,"column":5}},"2":{"start":{"line":23,"column":12},"end":{"line":23,"column":35}},"3":{"start":{"line":25,"column":12},"end":{"line":31,"column":15}},"4":{"start":{"line":26,"column":16},"end":{"line":30,"column":27}},"5":{"start":{"line":33,"column":12},"end":{"line":37,"column":15}},"6":{"start":{"line":34,"column":16},"end":{"line":36,"column":27}},"7":{"start":{"line":39,"column":12},"end":{"line":43,"column":15}},"8":{"start":{"line":40,"column":16},"end":{"line":42,"column":27}},"9":{"start":{"line":45,"column":12},"end":{"line":45,"column":25}}},"fnMap":{"0":{"name":"planning","decl":{"start":{"line":20,"column":9},"end":{"line":20,"column":17}},"loc":{"start":{"line":20,"column":48},"end":{"line":47,"column":1}},"line":20},"1":{"name":"(anonymous_1)","decl":{"start":{"line":25,"column":29},"end":{"line":25,"column":30}},"loc":{"start":{"line":25,"column":37},"end":{"line":31,"column":13}},"line":25},"2":{"name":"(anonymous_2)","decl":{"start":{"line":33,"column":29},"end":{"line":33,"column":30}},"loc":{"start":{"line":33,"column":37},"end":{"line":37,"column":13}},"line":33},"3":{"name":"(anonymous_3)","decl":{"start":{"line":39,"column":29},"end":{"line":39,"column":30}},"loc":{"start":{"line":39,"column":37},"end":{"line":43,"column":13}},"line":39}},"branchMap":{"0":{"loc":{"start":{"line":20,"column":18},"end":{"line":20,"column":38}},"type":"default-arg","locations":[{"start":{"line":20,"column":26},"end":{"line":20,"column":38}}],"line":20},"1":{"loc":{"start":{"line":21,"column":4},"end":{"line":46,"column":5}},"type":"switch","locations":[{"start":{"line":22,"column":8},"end":{"line":23,"column":35}},{"start":{"line":24,"column":8},"end":{"line":31,"column":15}},{"start":{"line":32,"column":8},"end":{"line":37,"column":15}},{"start":{"line":38,"column":8},"end":{"line":43,"column":15}},{"start":{"line":44,"column":8},"end":{"line":45,"column":25}}],"line":21},"2":{"loc":{"start":{"line":26,"column":23},"end":{"line":30,"column":26}},"type":"cond-expr","locations":[{"start":{"line":27,"column":22},"end":{"line":29,"column":24}},{"start":{"line":30,"column":22},"end":{"line":30,"column":26}}],"line":26},"3":{"loc":{"start":{"line":34,"column":23},"end":{"line":36,"column":26}},"type":"cond-expr","locations":[{"start":{"line":35,"column":22},"end":{"line":35,"column":73}},{"start":{"line":36,"column":22},"end":{"line":36,"column":26}}],"line":34},"4":{"loc":{"start":{"line":40,"column":23},"end":{"line":42,"column":26}},"type":"cond-expr","locations":[{"start":{"line":41,"column":
[...]
3":{"start":{"line":8,"column":4},"end":{"line":8,"column":48}},"4":{"start":{"line":9,"column":4},"end":{"line":9,"column":56}},"5":{"start":{"line":10,"column":17},"end":{"line":10,"column":29}},"6":{"start":{"line":12,"column":4},"end":{"line":12,"column":48}},"7":{"start":{"line":13,"column":4},"end":{"line":13,"column":51}},"8":{"start":{"line":14,"column":4},"end":{"line":14,"column":18}},"9":{"start":{"line":17,"column":17},"end":{"line":38,"column":1}},"10":{"start":{"line":17,"column":26},"end":{"line":38,"column":1}},"11":{"start":{"line":17,"column":34},"end":{"line":38,"column":1}},"12":{"start":{"line":18,"column":16},"end":{"line":18,"column":28}},"13":{"start":{"line":19,"column":16},"end":{"line":19,"column":39}},"14":{"start":{"line":21,"column":8},"end":{"line":21,"column":67}},"15":{"start":{"line":23,"column":17},"end":{"line":25,"column":12}},"16":{"start":{"line":26,"column":4},"end":{"line":33,"column":17}},"17":{"start":{"line":35,"column":4},"end":{"line":37,"column":23}}},"fnMap":{"0":{"name":"(anonymous_0)","decl":{"start":{"line":6,"column":15},"end":{"line":6,"column":16}},"loc":{"start":{"line":6,"column":24},"end":{"line":15,"column":1}},"line":6},"1":{"name":"(anonymous_1)","decl":{"start":{"line":6,"column":24},"end":{"line":6,"column":25}},"loc":{"start":{"line":6,"column":32},"end":{"line":15,"column":1}},"line":6},"2":{"name":"(anonymous_2)","decl":{"start":{"line":6,"column":32},"end":{"line":6,"column":33}},"loc":{"start":{"line":6,"column":42},"end":{"line":15,"column":1}},"line":6},"3":{"name":"(anonymous_3)","decl":{"start":{"line":17,"column":17},"end":{"line":17,"column":18}},"loc":{"start":{"line":17,"column":26},"end":{"line":38,"column":1}},"line":17},"4":{"name":"(anonymous_4)","decl":{"start":{"line":17,"column":26},"end":{"line":17,"column":27}},"loc":{"start":{"line":17,"column":34},"end":{"line":38,"column":1}},"line":17},"5":{"name":"(anonymous_5)","decl":{"start":{"line":17,"column":34},"end":{"line":17,"column":35}},"loc":{"start":{"line":17,"column":44},"end":{"line":38,"column":1}},"line":17}},"branchMap":{"0":{"loc":{"start":{"line":8,"column":4},"end":{"line":8,"column":47}},"type":"binary-expr","locations":[{"start":{"line":8,"column":4},"end":{"line":8,"column":17}},{"start":{"line":8,"column":21},"end":{"line":8,"column":47}}],"line":8},"1":{"loc":{"start":{"line":9,"column":4},"end":{"line":9,"column":55}},"type":"binary-expr","locations":[{"start":{"line":9,"column":4},"end":{"line":9,"column":16}},{"start":{"line":9,"column":20},"end":{"line":9,"column":55}}],"line":9},"2":{"loc":{"start":{"line":13,"column":4},"end":{"line":13,"column":50}},"type":"binary-expr","locations":[{"start":{"line":13,"column":4},"end":{"line":13,"column":17}},{"start":{"line":13,"column":21},"end":{"line":13,"column":50}}],"line":13},"3":{"loc":{"start":{"line":21,"column":8},"end":{"line":21,"column":67}},"type":"binary-expr","locations":[{"start":{"line":21,"column":8},"end":{"line":21,"column":13}},{"start":{"line":21,"column":17},"end":{"line":21,"column":39}},{"start":{"line":21,"column":43},"end":{"line":21,"column":67}}],"line":21},"4":{"loc":{"start":{"line":23,"column":17},"end":{"line":25,"column":12}},"type":"cond-expr","locations":[{"start":{"line":24,"column":10},"end":{"line":24,"column":60}},{"start":{"line":25,"column":10},"end":{"line":25,"column":12}}],"line":23},"5":{"loc":{"start":{"line":26,"column":13},"end":{"line":33,"column":16}},"type":"cond-expr","locations":[{"start":{"line":27,"column":10},"end":{"line":32,"column":11}},{"start":{"line":33,"column":10},"end":{"line":33,"column":16}}],"line":26},"6":{"loc":{"start":{"line":35,"column":11},"end":{"line":37,"column":22}},"type":"cond-expr","locations":[{"start":{"line":36,"column":10},"end":{"line":36,"column":54}},{"start":{"line":37,"column":10},"end":{"line":37,"column":22}}],"line":35}},"s":{"0":16,"1":16,"2":16,"3":1,"4":1,"5":1,"6":1,"7":1,"8":1,"9":16,"10":16,"11":16,"12":1,"13":1,"14":1,"15":1,"16":1,"17":1},"f":{"0":16,"1":16,"2":1,"3":16,"4":16,"5":1},"b":{"0":[1,0],"1":[1,1],"2":[1,0],"3":[1,0,0],"4":[0,1],"5":[0,1],"6":[0,1]},"_coverageSchema":"332fd63041d2c1bcb487cc26dd0d5f7d97098a6c","hash":"625d744506a69f142007de6dff1dac0b80c04bc0"}
,"/home/ryan/projects/git/henboard/client/src/util/store.js": {"path":"/home/ryan/projects/git/henboard/client/src/util/store.js","statementMap":{"0":{"start":{"line":7,"column":14},"end":{"line":7,"column":73}}},"fnMap":{},"branchMap":{},"s":{"0":15},"f":{},"b":{},"_coverageSchema":"332fd63041d2c1bcb487cc26dd0d5f7d97098a6c","hash":"0485e8c633fbf52f8927483ba274012f9bccac28"}
,"/home/ryan/projects/git/henboard/client/src/util/util.js": {"path":"/home/ryan/projects/git/henboard/client/src/util/util.js","statementMap":{"0":{"start":{"line":1,"column":11},"end":{"line":36,"column":1}},"1":{"start":{"line":2,"column":33},"end":{"line":2,"column":52}},"2":{"start":{"line":3,"column":4},"end":{"line":35,"column":6}},"3":{"start":{"line":6,"column":12},"end":{"line":6,"column":28}},"4":{"start":{"line":7,"column":22},"end":{"line":7,"column":32}},"5":{"start":{"line":8,"column":23},"end":{"line":8,"column":63}},"6":{"start":{"line":9,"column":12},"end":{"line":9,"column":45}},"7":{"start":{"line":13,"column":24},"end":{"line":13,"column":45}},"8":{"start":{"line":14,"column":12},"end":{"line":18,"column":14}},"9":{"start":{"line":22,"column":21},"end":{"line":22,"column":35}},"10":{"start":{"line":23,"column":21},"end":{"line":23,"column":40}},"11":{"start":{"line":24,"column":21},"end":{"line":24,"column":61}},"12":{"start":{"line":25,"column":12},"end":{"line":25,"column":41}},"13":{"start":{"line":26,"column":12},"end":{"line":26,"column":41}},"14":{"start":{"line":27,"column":12},"end":{"line":27,"column":44}},"15":{"start":{"line":31,"column":23},"end":{"line":31,"column":75}},"16":{"start":{"line":32,"column":23},"end":{"line":32,"column":75}},"17":{"start":{"line":33,"column":12},"end":{"line":33,"column":68}},"18":{"start":{"line":38,"column":10},"end":{"line":53,"column":1}},"19":{"start":{"line":39,"column":21},"end":{"line":39,"column":104}},"20":{"start":{"line":40,"column":16},"end":{"line":40,"column":38}},"21":{"start":{"line":41,"column":4},"end":{"line":52,"column":6}},"22":{"start":{"line":43,"column":12},"end":{"line":43,"column":37}},"23":{"start":{"line":46,"column":12},"end":{"line":50,"column":13}},"24":{"start":{"line":47,"column":16},"end":{"line":47,"column":34}},"25":{"start":{"line":49,"column":16},"end":{"line":49,"column":27}},"26":{"start":{"line":55,"column":12},"end":{"line":77,"column":1}},"27":{"start":{"line":56,"column":4},"end":{"line":76,"column":6}},"28":{"start":{"line":58,"column":12},"end":{"line":62,"column":13}},"29":{"start":{"line":59,"column":16},"end":{"line":61,"column":17}},"30":{"start":{"line":60,"column":20},"end":{"line":60,"column":33}},"31":{"start":{"line":63,"column":12},"end":{"line":63,"column":24}},"32":{"start":{"line":66,"column":20},"end":{"line":66,"column":21}},"33":{"start":{"line":67,"column":22},"end":{"line":67,"column":39}},"34":{"start":{"line":68,"column":12},"end":{"line":73,"column":13}},"35":{"start":{"line":72,"column":16},"end":{"line":72,"column":20}},"36":{"start":{"line":74,"column":12},"end":{"line":74,"column":38}}},"fnMap":{"0":{"name":"(anonymous_0)","decl":{"start":{"line":1,"column":11},"end":{"line":1,"column":12}},"loc":{"start":{"line":1,"column":17},"end":{"line":36,"column":1}},"line":1},"1":{"name":"(anonymous_1)","decl":{"start":{"line":5,"column":26},"end":{"line":5,"column":27}},"loc":{"start":{"line":5,"column":38},"end":{"line":10,"column":9}},"line":5},"2":{"name":"(anonymous_2)","decl":{"start":{"line":12,"column":17},"end":{"line":12,"column":18}},"loc":{"start":{"line":12,"column":38},"end":{"line":19,"column":9}},"line":12},"3":{"name":"(anonymous_3)","decl":{"start":{"line":21,"column":23},"end":{"line":21,"column":24}},"loc":{"start":{"line":21,"column":38},"end":{"line":28,"column":9}},"line":21},"4":{"name":"(anonymous_4)","decl":{"start":{"line":30,"column":17},"end":{"line":30,"column":18}},"loc":{"start":{"line":30,"column":32},"end":{"line":34,"column":9}},"line":30},"5":{"name":"(anonymous_5)","decl":{"start":{"line":38,"column":10},"end":{"line":38,"column":11}},"loc":{"start":{"line":38,"column":16},"end":{"line":53,"column":1}},"line":38},"6":{"name":"(anonymous_6)","decl":{"start":{"line":42,"column":15},"end":{"line":42,"column":16}},"loc":{"start":{"line":42,"column":30},"end":{"line":44,"column":9}},"line":42},"7":{"name":"(anonymous_7)","decl":{"start":{"line":45,"column":23},"end":{"line":45,"column":24}},"loc":{"start":{"line":45,"column":37},"end":{"line":51,"column":9}},"line":45},"8":{"name":"(anonymous_8)","decl":{"start":{"line":55,"column":12},"end":{"line":55,"column":13}},"loc":{"start":{"line":55,"column":18},"end":{"line":77,"column":1}},"line":55},"9":{"name":"(anonymous_9)","decl":{"start":{"line":57,"column":19},"end":{"line":57,"column":20}},"loc":{"start":{"line":57,"column":52},"end":{"line":64,"column":9}},"line":57},"10":{"name":"(anonymous_10)","decl":{"start":{"line":65,"column":22},"end":{"line":65,"column":23}},"loc":{"start":{"line":65,"column":57},"end":{"line":75,"column":9}},"line":65}},"branchMap":{"0":{"loc":{"start":{"line":8,"column":44},"end":{"line":8,"column":62}},"type":"cond-expr","locations":[{"start":{"line":8,"column":56},"end":{"line":8,"column":58}},{"start":{"line":8,"column":61},"end":{"line":8,"column":62}}],"line":8},"1":{"loc":{"start":{"line":25,"column":17},"end":{"line":25,"column":40}},"type":"cond-expr","locations":[{"start":{"line":25,"column":27},"end":{"line":25,"column":35}},{"start":{"line":25,"column":38},"end":{"line":25,"column":40}}],"line":25},"2":{"loc":{"start":{"line":26,"column":17},"end":{"line":26,"column":40}},"type":"cond-expr","locations":[{"start":{"line":26,"column":27},"end":{"line":26,"column":35}},{"start":{"line":26,"column":38},"end":{"line":26,"column":40}}],"line":26},"3":{"loc":{"start":{"line":46,"column":12},"end":{"line":50,"column":13}},"type":"if","locations":[{"start":{"line":46,"column":12},"end":{"line":50,"column":13}},{"start":{"line":46,"column":12},"end":{"line":50,"column":13}}],"line":46},"4":{"loc":{"start":{"line":59,"column":16},"end":{"line":61,"column":17}},"type":"if","locations":[{"start":{"line":59,"column":16},"end":{"line":61,"column":17}},{"start":{"line":59,"column":16},"end":{"line":61,"column":17}}],"line":59},"5":{"loc":{"start":{"line":69,"column":16},"end":{"line":70,"column":80}},"type":"binary-expr","locations":[{"start":{"line":69,"column":16},"end":{"line":69,"column":23}},{"start":{"line":70,"column":17},"end":{"line":70,"column":31}},{"start":{"line":70,"column":35},"end":{"line":70,"column":79}}],"line":69},"6":{"loc":{"start":{"line":74,"column":19},"end":{"line":74,"column":37}},"type":"cond-expr","locations":[{"start":{"line":74,"column":31},"end":{"line":74,"column":33}},{"start":{"line":74,"column":36},"end":{"line":74,"column":37}}],"line":74}},"s":{"0":20,"1":1,"2":1,"3":3,"4":3,"5":3,"6":3,"7":1,"8":1,"9":1,"10":1,"11":1,"12":1,"13":1,"14":1,"15":2,"16":2,"17":2,"18":20,"19":2,"20":2,"21":2,"22":4,"23":1,"24":1,"25":0,"26":20,"27":34,"28":6,"29":7,"30":2,"31":4,"32":2,"33":2,"34":2,"35":0,"36":2},"f":{"0":1,"1":3,"2":1,"3":1,"4":2,"5":2,"6":4,"7":1,"8":34,"9":6,"10":2},"b":{"0":[2,1],"1":[0,1],"2":[1,0],"3":[1,0],"4":[2,5],"5":[2,1,1],"6":[1,1]},"_coverageSchema":"332fd63041d2c1bcb487cc26dd0d5f7d97098a6c","hash":"a2f297f9d34251d4d0d35fdcf182c3f7d9535444"}
,"/home/ryan/projects/git/henboard/client/src/util/validations.js": {"path":"/home/ryan/projects/git/henboard/client/src/util/validations.js","statementMap":{"0":{"start":{"line":3,"column":20},"end":{"line":3,"column":22}},"1":{"start":{"line":4,"column":16},"end":{"line":4,"column":23}},"2":{"start":{"line":6,"column":0},"end":{"line":31,"column":2}},"3":{"start":{"line":8,"column":22},"end":{"line":8,"column":47}},"4":{"start":{"line":9,"column":8},"end":{"line":11,"column":21}},"5":{"start":{"line":14,"column":21},"end":{"line":14,"column":33}},"6":{"start":{"line":15,"column":26},"end":{"line":15,"column":43}},"7":{"start":{"line":16,"column":19},"end":{"line":16,"column":28}},"8":{"start":{"line":17,"column":22},"end":{"line":17,"column":26}},"9":{"start":{"line":18,"column":8},"end":{"line":20,"column":9}},"10":{"start":{"line":19,"column":12},"end":{"line":19,"column":45}},"11":{"start":{"line":21,"column":8},"end":{"line":21,"column":41}},"12":{"start":{"line":22,"column":8},"end":{"line":24,"column":21}},"13":{"start":{"line":28,"column":12},"end":{"line":28,"column":70}},"14":{"start":{"line":29,"column":8},"end":{"line":29,"column":76}},"15":{"start":{"line":33,"column":0},"end":{"line":50,"column":2}},"16":{"start":{"line":34,"column":4},"end":{"line":48,"column":5}},"17":{"start":{"line":35,"column":8},"end":{"line":47,"column":9}},"18":{"start":{"line":36,"column":26},"end":{"line":36,"column":39}},"19":{"start":{"line":37,"column":12},"end":{"line":46,"column":13}},"20":{"start":{"line":38,"column":16},"end":{"line":45,"column":17}},"21":{"start":{"line":39,"column":32},"end":{"line":39,"column":45}},"22":{"start":{"line":40,"column":20},"end":{"line":44,"column":22}},"23":{"start":{"line":49,"column":4},"end":{"line":49,"column":18}},"24":{"start":{"line":52,"column":0},"end":{"line":63,"column":2}},"25":{"start":{"line":58,"column":4},"end":{"line":62,"column":6}}},"fnMap":{"0":{"name":"(anonymous_0)","decl":{"start":{"line":7,"column":11},"end":{"line":7,"column":12}},"loc":{"start":{"line":7,"column":51},"end":{"line":12,"column":5}},"line":7},"1":{"name":"(anonymous_1)","decl":{"start":{"line":13,"column":16},"end":{"line":13,"column":17}},"loc":{"start":{"line":13,"column":56},"end":{"line":25,"column":5}},"line":13},"2":{"name":"(anonymous_2)","decl":{"start":{"line":26,"column":15},"end":{"line":26,"column":16}},"loc":{"start":{"line":26,"column":55},"end":{"line":30,"column":5}},"line":26},"3":{"name":"(anonymous_3)","decl":{"start":{"line":33,"column":26},"end":{"line":33,"column":27}},"loc":{"start":{"line":33,"column":71},"end":{"line":50,"column":1}},"line":33},"4":{"name":"(anonymous_4)","decl":{"start":{"line":52,"column":31},"end":{"line":52,"column":32}},"loc":{"start":{"line":57,"column":2},"end":{"line":63,"column":1}},"line":57}},"branchMap":{"0":{"loc":{"start":{"line":7,"column":38},"end":{"line":7,"column":49}},"type":"default-arg","locations":[{"start":{"line":7,"column":47},"end":{"line":7,"column":49}}],"line":7},"1":{"loc":{"start":{"line":9,"column":15},"end":{"line":11,"column":20}},"type":"cond-expr","locations":[{"start":{"line":10,"column":14},"end":{"line":10,"column":38}},{"start":{"line":11,"column":14},"end":{"line":11,"column":20}}],"line":9},"2":{"loc":{"start":{"line":9,"column":15},"end":{"line":9,"column":47}},"type":"binary-expr","locations":[{"start":{"line":9,"column":15},"end":{"line":9,"column":33}},{"start":{"line":9,"column":37},"end":{"line":9,"column":47}}],"line":9},"3":{"loc":{"start":{"line":13,"column":43},"end":{"line":13,"column":54}},"type":"default-arg","locations":[{"start":{"line":13,"column":52},"end":{"line":13,"column":54}}],"line":13},"4":{"loc":{"start":{"line":22,"column":15},"end":{"line":24,"column":20}},"type":"cond-expr","locations":[{"start":{"line":23,"column":14},"end":{"line":23,"column":38}},{"start":{"line":24,"column":14},"end":{"line":24,"column":20}}],"line":22},"5":{"loc":{"start":{"line":26,"column":42},"end":{"line":26,"column":53}},"type":"default-arg","locations":[{"start":{"line":26,"column":51},"end":{"line":26,"column":53}}],"line":26},"6":{"loc":{"start":{"line":29,"column":15},"end":{"line":29,"column":75}},"type":"cond-expr","locations":[{"start":{"line":29,"column":42},"end":{"line":29,"column":66}},{"start":{"line":29,"column":69},"end":{"line":29,"column":75}}],"line":29},"7":{"loc":{"start":{"line":33,"column":58},"end":{"line":33,"column":69}},"type":"default-arg","locations":[{"start":{"line":33,"column":67},"end":{"line":33,"column":69}}],"line":33},"8":{"loc":{"start":{"line":35,"column":8},"end":{"line":47,"column":9}},"type":"if","locations":[{"start":{"line":35,"column":8},"end":{"line":47,"column":9}},{"start":{"line":35,"column":8},"end":{"line":47,"column":9}}],"line":35},"9":{"loc":{"start":{"line":38,"column":16},"end":{"line":45,"column":17}},"type":"if","locations":[{"start":{"line":38,"column":16},"end":{"line":45,"column":17}},{"start":{"line":38,"column":16},"end":{"line":45,"column":17}}],"line":38},"10":{"loc":{"start":{"line":56,"column":4},"end":{"line":56,"column":15}},"type":"default-arg","locations":[{"start":{"line":56,"column":13},"end":{"line":56,"column":15}}],"line":56}},"s":{"0":17,"1":17,"2":17,"3":5,"4":5,"5":2,"6":2,"7":2,"8":2,"9":2,"10":2,"11":2,"12":2,"13":2,"14":2,"15":17,"16":2,"17":1,"18":1,"19":1,"20":1,"21":1,"22":1,"23":2,"24":17,"25":0},"f":{"0":5,"1":2,"2":2,"3":2,"4":0},"b":{"0":[4],"1":[2,3],"2":[5,3],"3":[0],"4":[1,1],"5":[2],"6":[1,1],"7":[2],"8":[1,0],"9":[1,0],"10":[0]},"_coverageSchema":"332fd63041d2c1bcb487cc26dd0d5f7d97098a6c","hash":"223d2ef14186146f3e914e3197c332cab30f2bdb"}
,"/home/ryan/projects/git/henboard/client/src/util/watch.js": {"path":"/home/ryan/projects/git/henboard/client/src/util/watch.js","statementMap":{"0":{"start":{"line":1,"column":24},"end":{"line":3,"column":1}},"1":{"start":{"line":2,"column":4},"end":{"line":2,"column":55}},"2":{"start":{"line":2,"column":27},"end":{"line":2,"column":53}},"3":{"start":{"line":5,"column":12},"end":{"line":34,"column":1}},"4":{"start":{"line":6,"column":24},"end":{"line":6,"column":63}},"5":{"start":{"line":9,"column":29},"end":{"line":9,"column":42}},"6":{"start":{"line":10,"column":8},"end":{"line":10,"column":64}},"7":{"start":{"line":12,"column":26},"end":{"line":12,"column":28}},"8":{"start":{"line":13,"column":34},"end":{"line":13,"column":36}},"9":{"start":{"line":14,"column":33},"end":{"line":14,"column":35}},"10":{"start":{"line":16,"column":8},"end":{"line":22,"column":9}},"11":{"start":{"line":17,"column":12},"end":{"line":21,"column":13}},"12":{"start":{"line":18,"column":16},"end":{"line":18,"column":42}},"13":{"start":{"line":19,"column":16},"end":{"line":19,"column":72}},"14":{"start":{"line":20,"column":16},"end":{"line":20,"column":70}},"15":{"start":{"line":24,"column":8},"end":{"line":30,"column":14}},"16":{"start":{"line":33,"column":4},"end":{"line":33,"column":41}}},"fnMap":{"0":{"name":"(anonymous_0)","decl":{"start":{"line":1,"column":24},"end":{"line":1,"column":25}},"loc":{"start":{"line":1,"column":46},"end":{"line":3,"column":1}},"line":1},"1":{"name":"(anonymous_1)","decl":{"start":{"line":2,"column":20},"end":{"line":2,"column":21}},"loc":{"start":{"line":2,"column":27},"end":{"line":2,"column":53}},"line":2},"2":{"name":"(anonymous_2)","decl":{"start":{"line":5,"column":12},"end":{"line":5,"column":13}},"loc":{"start":{"line":5,"column":44},"end":{"line":34,"column":1}},"line":5},"3":{"name":"handleChange","decl":{"start":{"line":8,"column":13},"end":{"line":8,"column":25}},"loc":{"start":{"line":8,"column":28},"end":{"line":31,"column":5}},"line":8}},"branchMap":{"0":{"loc":{"start":{"line":17,"column":12},"end":{"line":21,"column":13}},"type":"if","locations":[{"start":{"line":17,"column":12},"end":{"line":21,"column":13}},{"start":{"line":17,"column":12},"end":{"line":21,"column":13}}],"line":17},"1":{"loc":{"start":{"line":24,"column":8},"end":{"line":30,"column":13}},"type":"binary-expr","locations":[{"start":{"line":24,"column":8},"end":{"line":24,"column":30}},{"start":{"line":25,"column":12},"end":{"line":30,"column":13}}],"line":24}},"s":{"0":1,"1":5,"2":5,"3":1,"4":2,"5":3,"6":3,"7":3,"8":3,"9":3,"10":3,"11":3,"12":1,"13":1,"14":1,"15":3,"16":2},"f":{"0":5,"1":5,"2":2,"3":3},"b":{"0":[1,2],"1":[3,1]},"_coverageSchema":"332fd63041d2c1bcb487cc26dd0d5f7d97098a6c","hash":"b7b308c5d9c8f999c48eba36bbb00651f21e64ce"}
}
