TN:
SF:/home/ryan/projects/git/henboard/client/src/index.js
FNF:0
FNH:0
DA:1,0
LF:1
LH:0
BRF:0
BRH:0
end_of_record
TN:
SF:/home/ryan/projects/git/henboard/client/src/actions/info.js
FN:3,initInfo
FN:12,addInfo
FN:23,removeInfo
FNF:3
FNH:3
FNDA:2,initInfo
FNDA:2,addInfo
FNDA:2,removeInfo
DA:1,21
DA:2,21
DA:4,2
DA:11,21
DA:13,2
DA:22,21
DA:24,2
LF:7
LH:7
BRF:0
BRH:0
end_of_record
TN:
SF:/home/ryan/projects/git/henboard/client/src/actions/items.js
FN:3,initItems
FN:12,openInfo
FN:21,closeInfo
FN:30,addItem
FN:43,removeItem
FN:52,moveItem
FN:65,changeItemValue
FN:77,toggleInfoAdd
FNF:8
FNH:7
FNDA:2,initItems
FNDA:2,openInfo
FNDA:2,closeInfo
FNDA:2,addItem
FNDA:2,removeItem
FNDA:2,moveItem
FNDA:2,changeItemValue
FNDA:0,toggleInfoAdd
DA:1,21
DA:2,21
DA:4,2
DA:11,21
DA:13,2
DA:20,21
DA:22,2
DA:29,21
DA:31,2
DA:42,21
DA:44,2
DA:51,21
DA:55,2
DA:64,21
DA:67,2
DA:76,21
DA:78,0
LF:17
LH:16
BRDA:36,0,0,2
BRDA:36,0,1,1
BRDA:37,1,0,2
BRDA:37,1,1,1
BRDA:60,2,0,2
BRDA:60,2,1,0
BRDA:61,3,0,2
BRDA:61,3,1,0
BRF:8
BRH:6
end_of_record
TN:
SF:/home/ryan/projects/git/henboard/client/src/actions/lanes.js
FN:3,initLanes
FN:12,toggleAddItem
FN:21,addLane
FN:32,changeValue
FNF:4
FNH:4
FNDA:2,initLanes
FNDA:2,toggleAddItem
FNDA:2,addLane
FNDA:2,changeValue
DA:1,20
DA:2,20
DA:4,2
DA:11,20
DA:13,2
DA:20,20
DA:22,2
DA:31,20
DA:33,2
LF:9
LH:9
BRF:0
BRH:0
end_of_record
TN:
SF:/home/ryan/projects/git/henboard/client/src/actions/messages.js
FN:2,displayErrorMessages
FN:11,removeMessages
FNF:2
FNH:2
FNDA:2,displayErrorMessages
FNDA:2,removeMessages
DA:1,20
DA:3,2
DA:10,20
DA:12,2
LF:4
LH:4
BRF:0
BRH:0
end_of_record
TN:
SF:/home/ryan/projects/git/henboard/client/src/actions/planning.js
FN:3,initPlanning
FN:12,setPlanning
FN:21,togglePlanning
FN:29,changePlanningValue
FNF:4
FNH:4
FNDA:2,initPlanning
FNDA:2,setPlanning
FNDA:2,togglePlanning
FNDA:2,changePlanningValue
DA:1,20
DA:2,20
DA:4,2
DA:11,20
DA:13,2
DA:20,20
DA:22,2
DA:28,20
DA:30,2
LF:9
LH:9
BRF:0
BRH:0
end_of_record
TN:
SF:/home/ryan/projects/git/henboard/client/src/actions/projects.js
FN:3,initProjects
FN:12,setCurrentProject
FNF:2
FNH:2
FNDA:3,initProjects
FNDA:2,setCurrentProject
DA:1,20
DA:2,20
DA:4,3
DA:11,20
DA:13,2
LF:5
LH:5
BRF:0
BRH:0
end_of_record
TN:
SF:/home/ryan/projects/git/henboard/client/src/actions/sprints.js
FN:3,initSprints
FN:12,addSprint
FN:22,setCurrentSprint
FNF:3
FNH:3
FNDA:2,initSprints
FNDA:2,addSprint
FNDA:2,setCurrentSprint
DA:1,20
DA:2,20
DA:4,2
DA:11,20
DA:13,2
DA:21,20
DA:23,2
LF:7
LH:7
BRF:0
BRH:0
end_of_record
TN:
SF:/home/ryan/projects/git/henboard/client/src/components/AddItem.js
FN:8,(anonymous_0)
FN:18,(anonymous_1)
FN:21,(anonymous_2)
FN:30,(anonymous_3)
FN:31,(anonymous_4)
FN:34,(anonymous_5)
FNF:6
FNH:1
FNDA:11,(anonymous_0)
FNDA:0,(anonymous_1)
FNDA:0,(anonymous_2)
FNDA:0,(anonymous_3)
FNDA:0,(anonymous_4)
FNDA:0,(anonymous_5)
DA:8,11
DA:17,11
DA:18,11
DA:19,11
DA:21,0
DA:30,0
DA:31,0
DA:34,0
LF:8
LH:4
BRDA:17,0,0,1
BRDA:17,0,1,10
BRDA:18,1,0,0
BRDA:18,1,1,0
BRF:4
BRH:2
end_of_record
TN:
SF:/home/ryan/projects/git/henboard/client/src/components/App.js
FN:12,(anonymous_0)
FNF:1
FNH:1
FNDA:5,(anonymous_0)
DA:12,5
DA:13,5
LF:2
LH:2
BRF:0
BRH:0
end_of_record
TN:
SF:/home/ryan/projects/git/henboard/client/src/components/Footer.js
FN:10,(anonymous_0)
FNF:1
FNH:1
FNDA:5,(anonymous_0)
DA:10,5
DA:11,5
LF:2
LH:2
BRF:0
BRH:0
end_of_record
TN:
SF:/home/ryan/projects/git/henboard/client/src/components/Info.js
FN:11,(anonymous_0)
FN:19,(anonymous_1)
FN:29,(anonymous_2)
FN:35,(anonymous_3)
FNF:4
FNH:2
FNDA:2,(anonymous_0)
FNDA:1,(anonymous_1)
FNDA:0,(anonymous_2)
FNDA:0,(anonymous_3)
DA:11,7
DA:12,2
DA:20,1
DA:29,0
DA:35,0
LF:5
LH:3
BRDA:17,0,0,2
BRDA:17,0,1,1
BRDA:22,1,0,1
BRDA:22,1,1,0
BRF:4
BRH:3
end_of_record
TN:
SF:/home/ryan/projects/git/henboard/client/src/components/Item.js
FN:8,(anonymous_0)
FN:20,(anonymous_1)
FN:22,(anonymous_2)
FN:27,(anonymous_3)
FNF:4
FNH:1
FNDA:2,(anonymous_0)
FNDA:0,(anonymous_1)
FNDA:0,(anonymous_2)
FNDA:0,(anonymous_3)
DA:8,5
DA:16,2
DA:20,0
DA:22,0
DA:27,0
LF:5
LH:2
BRDA:28,0,0,0
BRDA:28,0,1,2
BRF:2
BRH:1
end_of_record
TN:
SF:/home/ryan/projects/git/henboard/client/src/components/Selector.js
FN:9,(anonymous_0)
FN:13,(anonymous_1)
FN:20,(anonymous_2)
FN:26,(anonymous_3)
FN:37,(anonymous_4)
FNF:5
FNH:3
FNDA:3,(anonymous_0)
FNDA:3,(anonymous_1)
FNDA:0,(anonymous_2)
FNDA:3,(anonymous_3)
FNDA:0,(anonymous_4)
DA:10,3
DA:11,3
DA:14,3
DA:15,3
DA:20,0
DA:27,3
DA:38,0
LF:7
LH:5
BRDA:14,0,0,0
BRDA:14,0,1,3
BRDA:33,1,0,3
BRDA:33,1,1,3
BRF:4
BRH:3
end_of_record
TN:
SF:/home/ryan/projects/git/henboard/client/src/components/containers/AddItemInfo.js
FN:10,(anonymous_0)
FN:24,(anonymous_1)
FN:26,(anonymous_2)
FN:29,(anonymous_3)
FN:38,(anonymous_4)
FNF:5
FNH:2
FNDA:3,(anonymous_0)
FNDA:3,(anonymous_1)
FNDA:0,(anonymous_2)
FNDA:0,(anonymous_3)
FNDA:0,(anonymous_4)
DA:10,8
DA:11,3
DA:12,3
DA:24,8
DA:25,3
DA:27,0
DA:30,0
DA:39,0
DA:41,0
DA:52,8
LF:10
LH:6
BRDA:14,0,0,3
BRDA:14,0,1,3
BRDA:15,1,0,3
BRDA:15,1,1,3
BRDA:19,2,0,3
BRDA:19,2,1,3
BRF:6
BRH:6
end_of_record
TN:
SF:/home/ryan/projects/git/henboard/client/src/components/containers/AddItemLane.js
FN:12,(anonymous_0)
FN:29,(anonymous_1)
FN:31,(anonymous_2)
FN:39,(anonymous_3)
FN:48,(anonymous_4)
FNF:5
FNH:2
FNDA:6,(anonymous_0)
FNDA:6,(anonymous_1)
FNDA:0,(anonymous_2)
FNDA:0,(anonymous_3)
FNDA:0,(anonymous_4)
DA:12,4
DA:13,6
DA:14,6
DA:15,6
DA:16,6
DA:29,4
DA:30,6
DA:32,0
DA:40,0
DA:49,0
DA:58,0
DA:69,4
LF:12
LH:8
BRF:0
BRH:0
end_of_record
TN:
SF:/home/ryan/projects/git/henboard/client/src/components/containers/BacklogButton.js
FN:11,(anonymous_0)
FN:14,(anonymous_1)
FN:21,(anonymous_2)
FN:34,(anonymous_3)
FN:36,(anonymous_4)
FNF:5
FNH:3
FNDA:1,(anonymous_0)
FNDA:0,(anonymous_1)
FNDA:1,(anonymous_2)
FNDA:1,(anonymous_3)
FNDA:0,(anonymous_4)
DA:11,4
DA:12,1
DA:14,0
DA:21,4
DA:22,1
DA:23,1
DA:24,1
DA:28,1
DA:34,4
DA:35,1
DA:37,0
LF:11
LH:9
BRF:0
BRH:0
end_of_record
TN:
SF:/home/ryan/projects/git/henboard/client/src/components/containers/Header.js
FN:12,(anonymous_0)
FN:28,(anonymous_1)
FN:55,(anonymous_2)
FN:63,(anonymous_3)
FN:65,(anonymous_4)
FN:68,(anonymous_5)
FNF:6
FNH:3
FNDA:6,(anonymous_0)
FNDA:0,(anonymous_1)
FNDA:6,(anonymous_2)
FNDA:6,(anonymous_3)
FNDA:0,(anonymous_4)
FNDA:0,(anonymous_5)
DA:12,6
DA:13,6
DA:14,6
DA:28,0
DA:55,6
DA:56,6
DA:57,6
DA:63,6
DA:64,6
DA:66,0
LF:10
LH:8
BRDA:13,0,0,6
BRDA:13,0,1,0
BRDA:17,1,0,6
BRDA:17,1,1,0
BRF:4
BRH:2
end_of_record
TN:
SF:/home/ryan/projects/git/henboard/client/src/components/containers/InfoItem.js
FN:11,(anonymous_0)
FN:20,(anonymous_1)
FN:22,(anonymous_2)
FN:31,(anonymous_3)
FNF:4
FNH:2
FNDA:1,(anonymous_0)
FNDA:1,(anonymous_1)
FNDA:0,(anonymous_2)
FNDA:0,(anonymous_3)
DA:11,6
DA:12,1
DA:13,1
DA:20,6
DA:21,1
DA:23,0
DA:32,0
DA:42,6
LF:8
LH:6
BRF:0
BRH:0
end_of_record
TN:
SF:/home/ryan/projects/git/henboard/client/src/components/containers/ItemLane.js
FN:10,(anonymous_0)
FN:27,(anonymous_1)
FN:29,(anonymous_2)
FN:32,(anonymous_3)
FN:35,(anonymous_4)
FNF:5
FNH:2
FNDA:1,(anonymous_0)
FNDA:1,(anonymous_1)
FNDA:0,(anonymous_2)
FNDA:0,(anonymous_3)
FNDA:0,(anonymous_4)
DA:10,4
DA:11,1
DA:12,1
DA:13,1
DA:27,4
DA:28,1
DA:30,0
DA:33,0
DA:36,0
DA:41,4
LF:10
LH:7
BRF:0
BRH:0
end_of_record
TN:
SF:/home/ryan/projects/git/henboard/client/src/components/containers/SelectorBoard.js
FN:13,(anonymous_0)
FN:24,(anonymous_1)
FN:26,(anonymous_2)
FNF:3
FNH:2
FNDA:2,(anonymous_0)
FNDA:2,(anonymous_1)
FNDA:0,(anonymous_2)
DA:13,2
DA:14,2
DA:24,2
DA:25,2
DA:27,0
DA:28,0
DA:35,0
LF:7
LH:4
BRDA:27,0,0,0
BRDA:27,0,1,0
BRF:2
BRH:0
end_of_record
TN:
SF:/home/ryan/projects/git/henboard/client/src/components/containers/Swimlane.js
FN:17,(anonymous_0)
FN:30,(anonymous_1)
FN:32,(anonymous_2)
FN:50,(anonymous_3)
FN:60,(anonymous_4)
FN:64,(anonymous_5)
FN:66,(anonymous_6)
FN:69,(anonymous_7)
FNF:8
FNH:3
FNDA:5,(anonymous_0)
FNDA:0,(anonymous_1)
FNDA:0,(anonymous_2)
FNDA:5,(anonymous_3)
FNDA:0,(anonymous_4)
FNDA:5,(anonymous_5)
FNDA:0,(anonymous_6)
FNDA:0,(anonymous_7)
DA:17,3
DA:25,5
DA:30,0
DA:33,0
DA:50,3
DA:51,5
DA:53,5
DA:56,5
DA:60,0
DA:64,3
DA:65,5
DA:67,0
DA:70,0
DA:71,0
DA:72,0
LF:15
LH:8
BRDA:39,0,0,0
BRDA:39,0,1,0
BRDA:41,1,0,0
BRDA:41,1,1,0
BRDA:53,2,0,1
BRDA:53,2,1,4
BRF:6
BRH:2
end_of_record
TN:
SF:/home/ryan/projects/git/henboard/client/src/components/views/Backlog.js
FN:15,(anonymous_0)
FN:19,(anonymous_1)
FN:32,(anonymous_2)
FN:41,(anonymous_3)
FNF:4
FNH:4
FNDA:1,(anonymous_0)
FNDA:1,(anonymous_1)
FNDA:1,(anonymous_2)
FNDA:1,(anonymous_3)
DA:15,1
DA:16,1
DA:20,1
DA:32,1
DA:33,1
DA:34,1
DA:35,1
DA:41,1
DA:42,1
LF:9
LH:9
BRF:0
BRH:0
end_of_record
TN:
SF:/home/ryan/projects/git/henboard/client/src/components/views/Home.js
FN:16,(anonymous_0)
FN:17,(anonymous_1)
FN:23,(anonymous_2)
FN:42,(anonymous_3)
FN:50,(anonymous_4)
FNF:5
FNH:5
FNDA:1,(anonymous_0)
FNDA:3,(anonymous_1)
FNDA:3,(anonymous_2)
FNDA:1,(anonymous_3)
FNDA:1,(anonymous_4)
DA:16,1
DA:17,1
DA:18,3
DA:19,1
DA:24,3
DA:42,1
DA:43,1
DA:44,1
DA:50,1
DA:51,1
LF:10
LH:10
BRDA:18,0,0,0
BRDA:18,0,1,3
BRF:2
BRH:1
end_of_record
TN:
SF:/home/ryan/projects/git/henboard/client/src/components/views/Planning.js
FN:19,(anonymous_0)
FN:31,(anonymous_1)
FN:42,(anonymous_2)
FN:52,(anonymous_3)
FN:62,(anonymous_4)
FN:76,(anonymous_5)
FN:78,(anonymous_6)
FN:85,(anonymous_7)
FN:93,(anonymous_8)
FNF:9
FNH:3
FNDA:1,(anonymous_0)
FNDA:0,(anonymous_1)
FNDA:0,(anonymous_2)
FNDA:0,(anonymous_3)
FNDA:1,(anonymous_4)
FNDA:1,(anonymous_5)
FNDA:0,(anonymous_6)
FNDA:0,(anonymous_7)
FNDA:0,(anonymous_8)
DA:19,1
DA:26,1
DA:31,0
DA:42,0
DA:52,0
DA:62,1
DA:63,1
DA:64,1
DA:65,1
DA:76,1
DA:77,1
DA:79,0
DA:86,0
DA:94,0
DA:100,0
LF:15
LH:8
BRDA:38,0,0,0
BRDA:38,0,1,1
BRDA:49,1,0,1
BRDA:49,1,1,0
BRF:4
BRH:2
end_of_record
TN:
SF:/home/ryan/projects/git/henboard/client/src/components/views/Settings.js
FN:14,(anonymous_0)
FN:31,(anonymous_1)
FN:40,(anonymous_2)
FNF:3
FNH:3
FNDA:1,(anonymous_0)
FNDA:1,(anonymous_1)
FNDA:1,(anonymous_2)
DA:14,1
DA:15,1
DA:31,1
DA:32,1
DA:33,1
DA:34,1
DA:40,1
DA:41,1
LF:8
LH:8
BRF:0
BRH:0
end_of_record
TN:
SF:/home/ryan/projects/git/henboard/client/src/models/info.js
FN:16,(anonymous_0)
FN:18,(anonymous_1)
FNF:2
FNH:1
FNDA:1,(anonymous_0)
FNDA:0,(anonymous_1)
DA:1,18
DA:3,18
DA:5,18
DA:7,18
DA:14,18
DA:16,18
DA:17,1
DA:18,0
LF:8
LH:7
BRDA:18,0,0,0
BRDA:18,0,1,0
BRF:2
BRH:0
end_of_record
TN:
SF:/home/ryan/projects/git/henboard/client/src/models/items.js
FN:24,(anonymous_0)
FN:26,(anonymous_1)
FN:30,(anonymous_2)
FN:32,(anonymous_3)
FNF:4
FNH:2
FNDA:3,(anonymous_0)
FNDA:0,(anonymous_1)
FNDA:4,(anonymous_2)
FNDA:0,(anonymous_3)
DA:1,18
DA:3,18
DA:13,18
DA:15,18
DA:22,18
DA:24,18
DA:25,3
DA:26,0
DA:30,18
DA:31,4
DA:32,0
LF:11
LH:9
BRDA:25,0,0,3
BRDA:25,0,1,3
BRDA:26,1,0,0
BRDA:26,1,1,0
BRDA:32,2,0,0
BRDA:32,2,1,0
BRF:6
BRH:2
end_of_record
TN:
SF:/home/ryan/projects/git/henboard/client/src/models/lanes.js
FN:14,(anonymous_0)
FN:16,(anonymous_1)
FN:20,(anonymous_2)
FN:22,(anonymous_3)
FN:25,(anonymous_4)
FN:27,(anonymous_5)
FNF:6
FNH:6
FNDA:6,(anonymous_0)
FNDA:12,(anonymous_1)
FNDA:1,(anonymous_2)
FNDA:4,(anonymous_3)
FNDA:1,(anonymous_4)
FNDA:4,(anonymous_5)
DA:1,17
DA:3,17
DA:5,17
DA:7,17
DA:14,17
DA:15,6
DA:16,12
DA:20,17
DA:21,1
DA:22,4
DA:25,17
DA:26,1
DA:27,4
LF:13
LH:13
BRDA:16,0,0,12
BRDA:16,0,1,12
BRDA:22,1,0,4
BRDA:22,1,1,4
BRDA:27,2,0,4
BRDA:27,2,1,4
BRF:6
BRH:6
end_of_record
TN:
SF:/home/ryan/projects/git/henboard/client/src/models/models.js
FNF:0
FNH:0
DA:8,17
DA:10,17
DA:11,17
DA:12,17
DA:13,17
DA:14,17
DA:15,17
LF:7
LH:7
BRF:0
BRH:0
end_of_record
TN:
SF:/home/ryan/projects/git/henboard/client/src/models/planning.js
FN:9,(anonymous_0)
FN:10,(anonymous_1)
FNF:2
FNH:2
FNDA:1,(anonymous_0)
FNDA:1,(anonymous_1)
DA:1,17
DA:3,17
DA:5,17
DA:7,17
DA:9,17
DA:10,1
LF:6
LH:6
BRDA:10,0,0,1
BRDA:10,0,1,0
BRF:2
BRH:1
end_of_record
TN:
SF:/home/ryan/projects/git/henboard/client/src/models/projects.js
FN:16,(anonymous_0)
FN:17,(anonymous_1)
FNF:2
FNH:2
FNDA:19,(anonymous_0)
FNDA:19,(anonymous_1)
DA:3,18
DA:5,18
DA:7,18
DA:9,18
DA:16,18
DA:17,19
LF:6
LH:6
BRDA:17,0,0,19
BRDA:17,0,1,0
BRF:2
BRH:1
end_of_record
TN:
SF:/home/ryan/projects/git/henboard/client/src/models/sprints.js
FN:13,(anonymous_0)
FN:14,(anonymous_1)
FN:17,(anonymous_2)
FN:18,(anonymous_3)
FNF:4
FNH:4
FNDA:16,(anonymous_0)
FNDA:16,(anonymous_1)
FNDA:2,(anonymous_2)
FNDA:2,(anonymous_3)
DA:1,17
DA:3,17
DA:5,17
DA:7,17
DA:13,17
DA:14,16
DA:17,17
DA:18,2
LF:8
LH:8
BRDA:14,0,0,16
BRDA:14,0,1,0
BRF:2
BRH:1
end_of_record
TN:
SF:/home/ryan/projects/git/henboard/client/src/reducers/index.js
FNF:0
FNH:0
DA:13,17
LF:1
LH:1
BRF:0
BRH:0
end_of_record
TN:
SF:/home/ryan/projects/git/henboard/client/src/reducers/info.js
FN:4,info
FN:19,(anonymous_1)
FN:28,(anonymous_2)
FNF:3
FNH:2
FNDA:55,info
FNDA:1,(anonymous_1)
FNDA:0,(anonymous_2)
DA:5,55
DA:7,1
DA:9,1
DA:18,1
DA:20,1
DA:27,0
DA:29,0
DA:35,52
LF:8
LH:6
BRDA:4,0,0,50
BRDA:5,1,0,1
BRDA:5,1,1,1
BRDA:5,1,2,1
BRDA:5,1,3,0
BRDA:5,1,4,52
BRDA:21,2,0,1
BRDA:21,2,1,1
BRDA:21,2,2,1
BRDA:30,3,0,0
BRDA:30,3,1,0
BRF:11
BRH:8
end_of_record
TN:
SF:/home/ryan/projects/git/henboard/client/src/reducers/items.js
FN:13,items
FN:18,(anonymous_1)
FN:25,(anonymous_2)
FN:46,(anonymous_3)
FN:53,(anonymous_4)
FN:64,(anonymous_5)
FN:72,(anonymous_6)
FNF:7
FNH:6
FNDA:60,items
FNDA:1,(anonymous_1)
FNDA:1,(anonymous_2)
FNDA:1,(anonymous_3)
FNDA:1,(anonymous_4)
FNDA:1,(anonymous_5)
FNDA:0,(anonymous_6)
DA:14,60
DA:16,1
DA:18,1
DA:19,1
DA:25,1
DA:26,1
DA:32,1
DA:45,1
DA:47,1
DA:53,1
DA:54,1
DA:64,1
DA:65,1
DA:72,0
DA:73,0
DA:79,53
LF:16
LH:14
BRDA:13,0,0,50
BRDA:14,1,0,1
BRDA:14,1,1,1
BRDA:14,1,2,1
BRDA:14,1,3,1
BRDA:14,1,4,1
BRDA:14,1,5,1
BRDA:14,1,6,1
BRDA:14,1,7,0
BRDA:14,1,8,53
BRDA:19,2,0,1
BRDA:19,2,1,0
BRDA:19,3,0,1
BRDA:19,3,1,1
BRDA:26,4,0,1
BRDA:26,4,1,0
BRDA:26,5,0,1
BRDA:26,5,1,1
BRDA:48,6,0,1
BRDA:48,6,1,1
BRDA:54,7,0,0
BRDA:54,7,1,1
BRDA:55,8,0,1
BRDA:55,8,1,1
BRDA:65,9,0,0
BRDA:65,9,1,1
BRDA:66,10,0,1
BRDA:66,10,1,1
BRDA:73,11,0,0
BRDA:73,11,1,0
BRDA:73,12,0,0
BRDA:73,12,1,0
BRF:32
BRH:23
end_of_record
TN:
SF:/home/ryan/projects/git/henboard/client/src/reducers/lanes.js
FN:16,lanes
FN:31,(anonymous_1)
FN:38,(anonymous_2)
FNF:3
FNH:3
FNDA:57,lanes
FNDA:1,(anonymous_1)
FNDA:1,(anonymous_2)
DA:9,18
DA:17,57
DA:19,1
DA:21,1
DA:31,1
DA:32,1
DA:38,1
DA:39,1
DA:45,53
LF:9
LH:9
BRDA:16,0,0,50
BRDA:17,1,0,1
BRDA:17,1,1,1
BRDA:17,1,2,1
BRDA:17,1,3,1
BRDA:17,1,4,53
BRDA:32,2,0,1
BRDA:32,2,1,0
BRDA:32,3,0,1
BRDA:32,3,1,1
BRDA:39,4,0,1
BRDA:39,4,1,0
BRDA:39,5,0,1
BRDA:39,5,1,1
BRF:14
BRH:12
end_of_record
TN:
SF:/home/ryan/projects/git/henboard/client/src/reducers/messages.js
FN:7,messages
FNF:1
FNH:1
FNDA:55,messages
DA:8,55
DA:10,1
DA:12,1
DA:14,53
LF:4
LH:4
BRDA:7,0,0,50
BRDA:8,1,0,1
BRDA:8,1,1,1
BRDA:8,1,2,53
BRF:4
BRH:4
end_of_record
TN:
SF:/home/ryan/projects/git/henboard/client/src/reducers/planning.js
FN:20,planning
FN:25,(anonymous_1)
FN:33,(anonymous_2)
FN:39,(anonymous_3)
FNF:4
FNH:4
FNDA:57,planning
FNDA:1,(anonymous_1)
FNDA:1,(anonymous_2)
FNDA:1,(anonymous_3)
DA:11,18
DA:21,57
DA:23,1
DA:25,1
DA:26,1
DA:33,1
DA:34,1
DA:39,1
DA:40,1
DA:45,53
LF:10
LH:10
BRDA:20,0,0,50
BRDA:21,1,0,1
BRDA:21,1,1,1
BRDA:21,1,2,1
BRDA:21,1,3,1
BRDA:21,1,4,53
BRDA:26,2,0,1
BRDA:26,2,1,0
BRDA:34,3,0,1
BRDA:34,3,1,0
BRDA:40,4,0,1
BRDA:40,4,1,0
BRF:12
BRH:9
end_of_record
TN:
SF:/home/ryan/projects/git/henboard/client/src/reducers/projects.js
FN:10,projects
FN:15,(anonymous_1)
FNF:2
FNH:2
FNDA:55,projects
FNDA:1,(anonymous_1)
DA:8,18
DA:11,55
DA:13,2
DA:15,1
DA:16,1
DA:21,52
LF:6
LH:6
BRDA:10,0,0,50
BRDA:11,1,0,2
BRDA:11,1,1,1
BRDA:11,1,2,52
BRDA:16,2,0,1
BRDA:16,2,1,0
BRF:6
BRH:5
end_of_record
TN:
SF:/home/ryan/projects/git/henboard/client/src/reducers/sprints.js
FN:12,sprints
FN:25,(anonymous_1)
FN:35,(anonymous_2)
FNF:3
FNH:3
FNDA:56,sprints
FNDA:2,(anonymous_1)
FNDA:1,(anonymous_2)
DA:8,18
DA:13,56
DA:15,1
DA:17,1
DA:26,2
DA:34,1
DA:36,1
DA:44,53
LF:8
LH:8
BRDA:12,0,0,50
BRDA:13,1,0,1
BRDA:13,1,1,1
BRDA:13,1,2,1
BRDA:13,1,3,53
BRDA:26,2,0,1
BRDA:26,2,1,1
BRDA:27,3,0,2
BRDA:27,3,1,2
BRDA:36,4,0,0
BRDA:36,4,1,1
BRDA:37,5,0,1
BRDA:37,5,1,1
BRF:13
BRH:12
end_of_record
TN:
SF:/home/ryan/projects/git/henboard/client/src/util/api.js
FN:6,(anonymous_0)
FN:10,(anonymous_1)
FN:14,(anonymous_2)
FNF:3
FNH:0
FNDA:0,(anonymous_0)
FNDA:0,(anonymous_1)
FNDA:0,(anonymous_2)
DA:3,17
DA:6,17
DA:7,0
DA:10,17
DA:11,0
DA:14,17
DA:15,0
LF:7
LH:4
BRF:0
BRH:0
end_of_record
TN:
SF:/home/ryan/projects/git/henboard/client/src/util/data.js
FN:18,(anonymous_0)
FN:29,(anonymous_1)
FN:47,(anonymous_2)
FN:52,(anonymous_3)
FN:53,(anonymous_4)
FN:64,(anonymous_5)
FN:77,(anonymous_6)
FN:116,(anonymous_7)
FN:133,(anonymous_8)
FN:137,(anonymous_9)
FN:143,(anonymous_10)
FN:153,(anonymous_11)
FNF:12
FNH:0
FNDA:0,(anonymous_0)
FNDA:0,(anonymous_1)
FNDA:0,(anonymous_2)
FNDA:0,(anonymous_3)
FNDA:0,(anonymous_4)
FNDA:0,(anonymous_5)
FNDA:0,(anonymous_6)
FNDA:0,(anonymous_7)
FNDA:0,(anonymous_8)
FNDA:0,(anonymous_9)
FNDA:0,(anonymous_10)
FNDA:0,(anonymous_11)
DA:15,16
DA:16,16
DA:18,16
DA:19,0
DA:37,0
DA:48,0
DA:52,16
DA:53,0
DA:54,0
DA:55,0
DA:56,0
DA:57,0
DA:58,0
DA:59,0
DA:60,0
DA:64,16
DA:65,0
DA:66,0
DA:67,0
DA:68,0
DA:71,0
DA:74,0
DA:77,16
DA:82,0
DA:83,0
DA:84,0
DA:85,0
DA:86,0
DA:91,0
DA:92,0
DA:98,0
DA:102,0
DA:106,0
DA:109,0
DA:116,16
DA:117,0
DA:118,0
DA:119,0
DA:120,0
DA:121,0
DA:124,0
DA:130,0
DA:133,16
DA:134,0
DA:137,16
DA:138,0
DA:141,16
DA:143,16
DA:144,0
DA:145,0
DA:146,0
DA:147,0
DA:148,0
DA:153,16
DA:154,0
LF:55
LH:12
BRDA:68,0,0,0
BRDA:68,0,1,0
BRDA:91,1,0,0
BRDA:91,1,1,0
BRDA:92,2,0,0
BRDA:92,2,1,0
BRDA:134,3,0,0
BRDA:134,3,1,0
BRDA:138,4,0,0
BRDA:138,4,1,0
BRDA:145,5,0,0
BRDA:145,5,1,0
BRF:12
BRH:0
end_of_record
TN:
SF:/home/ryan/projects/git/henboard/client/src/util/middleware.js
FN:6,(anonymous_0)
FN:6,(anonymous_1)
FN:6,(anonymous_2)
FN:17,(anonymous_3)
FN:17,(anonymous_4)
FN:17,(anonymous_5)
FNF:6
FNH:6
FNDA:16,(anonymous_0)
FNDA:16,(anonymous_1)
FNDA:1,(anonymous_2)
FNDA:16,(anonymous_3)
FNDA:16,(anonymous_4)
FNDA:1,(anonymous_5)
DA:6,16
DA:8,1
DA:9,1
DA:10,1
DA:12,1
DA:13,1
DA:14,1
DA:17,16
DA:18,1
DA:19,1
DA:21,1
DA:23,1
DA:26,1
DA:35,1
LF:14
LH:14
BRDA:8,0,0,1
BRDA:8,0,1,0
BRDA:9,1,0,1
BRDA:9,1,1,1
BRDA:13,2,0,1
BRDA:13,2,1,0
BRDA:21,3,0,1
BRDA:21,3,1,0
BRDA:21,3,2,0
BRDA:23,4,0,0
BRDA:23,4,1,1
BRDA:26,5,0,0
BRDA:26,5,1,1
BRDA:35,6,0,0
BRDA:35,6,1,1
BRF:15
BRH:8
end_of_record
TN:
SF:/home/ryan/projects/git/henboard/client/src/util/store.js
FNF:0
FNH:0
DA:7,15
LF:1
LH:1
BRF:0
BRH:0
end_of_record
TN:
SF:/home/ryan/projects/git/henboard/client/src/util/util.js
FN:1,(anonymous_0)
FN:5,(anonymous_1)
FN:12,(anonymous_2)
FN:21,(anonymous_3)
FN:30,(anonymous_4)
FN:38,(anonymous_5)
FN:42,(anonymous_6)
FN:45,(anonymous_7)
FN:55,(anonymous_8)
FN:57,(anonymous_9)
FN:65,(anonymous_10)
FNF:11
FNH:11
FNDA:1,(anonymous_0)
FNDA:3,(anonymous_1)
FNDA:1,(anonymous_2)
FNDA:1,(anonymous_3)
FNDA:2,(anonymous_4)
FNDA:2,(anonymous_5)
FNDA:4,(anonymous_6)
FNDA:1,(anonymous_7)
FNDA:34,(anonymous_8)
FNDA:6,(anonymous_9)
FNDA:2,(anonymous_10)
DA:1,20
DA:2,1
DA:3,1
DA:6,3
DA:7,3
DA:8,3
DA:9,3
DA:13,1
DA:14,1
DA:22,1
DA:23,1
DA:24,1
DA:25,1
DA:26,1
DA:27,1
DA:31,2
DA:32,2
DA:33,2
DA:38,20
DA:39,2
DA:40,2
DA:41,2
DA:43,4
DA:46,1
DA:47,1
DA:49,0
DA:55,20
DA:56,34
DA:58,6
DA:59,7
DA:60,2
DA:63,4
DA:66,2
DA:67,2
DA:68,2
DA:72,0
DA:74,2
LF:37
LH:35
BRDA:8,0,0,2
BRDA:8,0,1,1
BRDA:25,1,0,0
BRDA:25,1,1,1
BRDA:26,2,0,1
BRDA:26,2,1,0
BRDA:46,3,0,1
BRDA:46,3,1,0
BRDA:59,4,0,2
BRDA:59,4,1,5
BRDA:69,5,0,2
BRDA:69,5,1,1
BRDA:69,5,2,1
BRDA:74,6,0,1
BRDA:74,6,1,1
BRF:15
BRH:12
end_of_record
TN:
SF:/home/ryan/projects/git/henboard/client/src/util/validations.js
FN:7,(anonymous_0)
FN:13,(anonymous_1)
FN:26,(anonymous_2)
FN:33,(anonymous_3)
FN:52,(anonymous_4)
FNF:5
FNH:4
FNDA:5,(anonymous_0)
FNDA:2,(anonymous_1)
FNDA:2,(anonymous_2)
FNDA:2,(anonymous_3)
FNDA:0,(anonymous_4)
DA:3,17
DA:4,17
DA:6,17
DA:8,5
DA:9,5
DA:14,2
DA:15,2
DA:16,2
DA:17,2
DA:18,2
DA:19,2
DA:21,2
DA:22,2
DA:28,2
DA:29,2
DA:33,17
DA:34,2
DA:35,1
DA:36,1
DA:37,1
DA:38,1
DA:39,1
DA:40,1
DA:49,2
DA:52,17
DA:58,0
LF:26
LH:25
BRDA:7,0,0,4
BRDA:9,1,0,2
BRDA:9,1,1,3
BRDA:9,2,0,5
BRDA:9,2,1,3
BRDA:13,3,0,0
BRDA:22,4,0,1
BRDA:22,4,1,1
BRDA:26,5,0,2
BRDA:29,6,0,1
BRDA:29,6,1,1
BRDA:33,7,0,2
BRDA:35,8,0,1
BRDA:35,8,1,0
BRDA:38,9,0,1
BRDA:38,9,1,0
BRDA:56,10,0,0
BRF:17
BRH:13
end_of_record
TN:
SF:/home/ryan/projects/git/henboard/client/src/util/watch.js
FN:1,(anonymous_0)
FN:2,(anonymous_1)
FN:5,(anonymous_2)
FN:8,handleChange
FNF:4
FNH:4
FNDA:5,(anonymous_0)
FNDA:5,(anonymous_1)
FNDA:2,(anonymous_2)
FNDA:3,handleChange
DA:1,1
DA:2,5
DA:5,1
DA:6,2
DA:9,3
DA:10,3
DA:12,3
DA:13,3
DA:14,3
DA:16,3
DA:17,3
DA:18,1
DA:19,1
DA:20,1
DA:24,3
DA:33,2
LF:16
LH:16
BRDA:17,0,0,1
BRDA:17,0,1,2
BRDA:24,1,0,3
BRDA:24,1,1,1
BRF:4
BRH:4
end_of_record
